<?xml version="1.0" encoding="UTF-8"?>
<testsuite xmlns:xsi="http://www.w3.org/2001/XMLSchema-instance" xsi:noNamespaceSchemaLocation="https://maven.apache.org/surefire/maven-surefire-plugin/xsd/surefire-test-report-3.0.xsd" version="3.0" name="tek.sdet.framework.runner.TestRunner" time="342.392" tests="23" errors="0" skipped="0" failures="0">
  <properties>
    <property name="java.specification.version" value="17"/>
    <property name="sun.cpu.isalist" value="amd64"/>
    <property name="sun.jnu.encoding" value="Cp1252"/>
    <property name="java.class.path" value="L:\java\tek-bdd-framework\target\test-classes;L:\java\tek-bdd-framework\target\classes;C:\Users\smuni\.m2\repository\io\cucumber\cucumber-java\7.8.0\cucumber-java-7.8.0.jar;C:\Users\smuni\.m2\repository\io\cucumber\cucumber-core\7.8.0\cucumber-core-7.8.0.jar;C:\Users\smuni\.m2\repository\io\cucumber\cucumber-gherkin\7.8.0\cucumber-gherkin-7.8.0.jar;C:\Users\smuni\.m2\repository\io\cucumber\cucumber-gherkin-messages\7.8.0\cucumber-gherkin-messages-7.8.0.jar;C:\Users\smuni\.m2\repository\io\cucumber\gherkin\24.0.0\gherkin-24.0.0.jar;C:\Users\smuni\.m2\repository\io\cucumber\messages\19.1.2\messages-19.1.2.jar;C:\Users\smuni\.m2\repository\io\cucumber\tag-expressions\4.1.0\tag-expressions-4.1.0.jar;C:\Users\smuni\.m2\repository\io\cucumber\cucumber-expressions\16.0.0\cucumber-expressions-16.0.0.jar;C:\Users\smuni\.m2\repository\io\cucumber\datatable\7.8.0\datatable-7.8.0.jar;C:\Users\smuni\.m2\repository\io\cucumber\cucumber-plugin\7.8.0\cucumber-plugin-7.8.0.jar;C:\Users\smuni\.m2\repository\io\cucumber\docstring\7.8.0\docstring-7.8.0.jar;C:\Users\smuni\.m2\repository\io\cucumber\html-formatter\20.1.0\html-formatter-20.1.0.jar;C:\Users\smuni\.m2\repository\io\cucumber\ci-environment\9.1.0\ci-environment-9.1.0.jar;C:\Users\smuni\.m2\repository\org\apiguardian\apiguardian-api\1.1.2\apiguardian-api-1.1.2.jar;C:\Users\smuni\.m2\repository\io\cucumber\cucumber-junit\7.8.0\cucumber-junit-7.8.0.jar;C:\Users\smuni\.m2\repository\junit\junit\4.13.2\junit-4.13.2.jar;C:\Users\smuni\.m2\repository\org\hamcrest\hamcrest-core\1.3\hamcrest-core-1.3.jar;C:\Users\smuni\.m2\repository\org\seleniumhq\selenium\selenium-java\4.4.0\selenium-java-4.4.0.jar;C:\Users\smuni\.m2\repository\org\seleniumhq\selenium\selenium-api\4.4.0\selenium-api-4.4.0.jar;C:\Users\smuni\.m2\repository\org\seleniumhq\selenium\selenium-chrome-driver\4.4.0\selenium-chrome-driver-4.4.0.jar;C:\Users\smuni\.m2\repository\com\google\auto\service\auto-service-annotations\1.0.1\auto-service-annotations-1.0.1.jar;C:\Users\smuni\.m2\repository\com\google\auto\service\auto-service\1.0.1\auto-service-1.0.1.jar;C:\Users\smuni\.m2\repository\com\google\auto\auto-common\1.2\auto-common-1.2.jar;C:\Users\smuni\.m2\repository\com\google\guava\guava\31.1-jre\guava-31.1-jre.jar;C:\Users\smuni\.m2\repository\com\google\guava\failureaccess\1.0.1\failureaccess-1.0.1.jar;C:\Users\smuni\.m2\repository\com\google\guava\listenablefuture\9999.0-empty-to-avoid-conflict-with-guava\listenablefuture-9999.0-empty-to-avoid-conflict-with-guava.jar;C:\Users\smuni\.m2\repository\com\google\code\findbugs\jsr305\3.0.2\jsr305-3.0.2.jar;C:\Users\smuni\.m2\repository\org\checkerframework\checker-qual\3.12.0\checker-qual-3.12.0.jar;C:\Users\smuni\.m2\repository\com\google\errorprone\error_prone_annotations\2.11.0\error_prone_annotations-2.11.0.jar;C:\Users\smuni\.m2\repository\com\google\j2objc\j2objc-annotations\1.3\j2objc-annotations-1.3.jar;C:\Users\smuni\.m2\repository\org\seleniumhq\selenium\selenium-chromium-driver\4.4.0\selenium-chromium-driver-4.4.0.jar;C:\Users\smuni\.m2\repository\org\seleniumhq\selenium\selenium-json\4.4.0\selenium-json-4.4.0.jar;C:\Users\smuni\.m2\repository\org\seleniumhq\selenium\selenium-devtools-v102\4.4.0\selenium-devtools-v102-4.4.0.jar;C:\Users\smuni\.m2\repository\org\seleniumhq\selenium\selenium-devtools-v103\4.4.0\selenium-devtools-v103-4.4.0.jar;C:\Users\smuni\.m2\repository\org\seleniumhq\selenium\selenium-devtools-v104\4.4.0\selenium-devtools-v104-4.4.0.jar;C:\Users\smuni\.m2\repository\org\seleniumhq\selenium\selenium-devtools-v85\4.4.0\selenium-devtools-v85-4.4.0.jar;C:\Users\smuni\.m2\repository\org\seleniumhq\selenium\selenium-edge-driver\4.4.0\selenium-edge-driver-4.4.0.jar;C:\Users\smuni\.m2\repository\org\seleniumhq\selenium\selenium-firefox-driver\4.4.0\selenium-firefox-driver-4.4.0.jar;C:\Users\smuni\.m2\repository\org\seleniumhq\selenium\selenium-ie-driver\4.4.0\selenium-ie-driver-4.4.0.jar;C:\Users\smuni\.m2\repository\org\seleniumhq\selenium\selenium-opera-driver\4.4.0\selenium-opera-driver-4.4.0.jar;C:\Users\smuni\.m2\repository\org\seleniumhq\selenium\selenium-remote-driver\4.4.0\selenium-remote-driver-4.4.0.jar;C:\Users\smuni\.m2\repository\com\beust\jcommander\1.82\jcommander-1.82.jar;C:\Users\smuni\.m2\repository\io\netty\netty-buffer\4.1.78.Final\netty-buffer-4.1.78.Final.jar;C:\Users\smuni\.m2\repository\io\netty\netty-codec-http\4.1.78.Final\netty-codec-http-4.1.78.Final.jar;C:\Users\smuni\.m2\repository\io\netty\netty-codec\4.1.78.Final\netty-codec-4.1.78.Final.jar;C:\Users\smuni\.m2\repository\io\netty\netty-handler\4.1.78.Final\netty-handler-4.1.78.Final.jar;C:\Users\smuni\.m2\repository\io\netty\netty-common\4.1.78.Final\netty-common-4.1.78.Final.jar;C:\Users\smuni\.m2\repository\io\netty\netty-transport-classes-epoll\4.1.78.Final\netty-transport-classes-epoll-4.1.78.Final.jar;C:\Users\smuni\.m2\repository\io\netty\netty-transport-classes-kqueue\4.1.78.Final\netty-transport-classes-kqueue-4.1.78.Final.jar;C:\Users\smuni\.m2\repository\io\netty\netty-transport-native-epoll\4.1.78.Final\netty-transport-native-epoll-4.1.78.Final.jar;C:\Users\smuni\.m2\repository\io\netty\netty-transport-native-kqueue\4.1.78.Final\netty-transport-native-kqueue-4.1.78.Final.jar;C:\Users\smuni\.m2\repository\io\netty\netty-transport-native-unix-common\4.1.78.Final\netty-transport-native-unix-common-4.1.78.Final.jar;C:\Users\smuni\.m2\repository\io\netty\netty-transport\4.1.78.Final\netty-transport-4.1.78.Final.jar;C:\Users\smuni\.m2\repository\io\netty\netty-resolver\4.1.78.Final\netty-resolver-4.1.78.Final.jar;C:\Users\smuni\.m2\repository\io\opentelemetry\opentelemetry-api\1.16.0\opentelemetry-api-1.16.0.jar;C:\Users\smuni\.m2\repository\io\opentelemetry\opentelemetry-context\1.16.0\opentelemetry-context-1.16.0.jar;C:\Users\smuni\.m2\repository\io\opentelemetry\opentelemetry-exporter-logging\1.16.0\opentelemetry-exporter-logging-1.16.0.jar;C:\Users\smuni\.m2\repository\io\opentelemetry\opentelemetry-sdk-metrics\1.16.0\opentelemetry-sdk-metrics-1.16.0.jar;C:\Users\smuni\.m2\repository\io\opentelemetry\opentelemetry-sdk-logs\1.16.0-alpha\opentelemetry-sdk-logs-1.16.0-alpha.jar;C:\Users\smuni\.m2\repository\io\opentelemetry\opentelemetry-sdk-common\1.16.0\opentelemetry-sdk-common-1.16.0.jar;C:\Users\smuni\.m2\repository\io\opentelemetry\opentelemetry-sdk-extension-autoconfigure-spi\1.16.0\opentelemetry-sdk-extension-autoconfigure-spi-1.16.0.jar;C:\Users\smuni\.m2\repository\io\opentelemetry\opentelemetry-sdk-extension-autoconfigure\1.16.0-alpha\opentelemetry-sdk-extension-autoconfigure-1.16.0-alpha.jar;C:\Users\smuni\.m2\repository\io\opentelemetry\opentelemetry-sdk-trace\1.16.0\opentelemetry-sdk-trace-1.16.0.jar;C:\Users\smuni\.m2\repository\io\opentelemetry\opentelemetry-sdk\1.16.0\opentelemetry-sdk-1.16.0.jar;C:\Users\smuni\.m2\repository\io\opentelemetry\opentelemetry-semconv\1.16.0-alpha\opentelemetry-semconv-1.16.0-alpha.jar;C:\Users\smuni\.m2\repository\io\ous\jtoml\2.0.0\jtoml-2.0.0.jar;C:\Users\smuni\.m2\repository\net\bytebuddy\byte-buddy\1.12.10\byte-buddy-1.12.10.jar;C:\Users\smuni\.m2\repository\org\apache\commons\commons-exec\1.3\commons-exec-1.3.jar;C:\Users\smuni\.m2\repository\org\asynchttpclient\async-http-client\2.12.3\async-http-client-2.12.3.jar;C:\Users\smuni\.m2\repository\org\asynchttpclient\async-http-client-netty-utils\2.12.3\async-http-client-netty-utils-2.12.3.jar;C:\Users\smuni\.m2\repository\io\netty\netty-codec-socks\4.1.60.Final\netty-codec-socks-4.1.60.Final.jar;C:\Users\smuni\.m2\repository\io\netty\netty-handler-proxy\4.1.60.Final\netty-handler-proxy-4.1.60.Final.jar;C:\Users\smuni\.m2\repository\io\netty\netty-transport-native-epoll\4.1.60.Final\netty-transport-native-epoll-4.1.60.Final-linux-x86_64.jar;C:\Users\smuni\.m2\repository\io\netty\netty-transport-native-kqueue\4.1.60.Final\netty-transport-native-kqueue-4.1.60.Final-osx-x86_64.jar;C:\Users\smuni\.m2\repository\org\reactivestreams\reactive-streams\1.0.3\reactive-streams-1.0.3.jar;C:\Users\smuni\.m2\repository\com\typesafe\netty\netty-reactive-streams\2.0.4\netty-reactive-streams-2.0.4.jar;C:\Users\smuni\.m2\repository\com\sun\activation\jakarta.activation\1.2.2\jakarta.activation-1.2.2.jar;C:\Users\smuni\.m2\repository\org\seleniumhq\selenium\selenium-http\4.4.0\selenium-http-4.4.0.jar;C:\Users\smuni\.m2\repository\dev\failsafe\failsafe\3.2.4\failsafe-3.2.4.jar;C:\Users\smuni\.m2\repository\org\seleniumhq\selenium\selenium-safari-driver\4.4.0\selenium-safari-driver-4.4.0.jar;C:\Users\smuni\.m2\repository\org\seleniumhq\selenium\selenium-support\4.4.0\selenium-support-4.4.0.jar;C:\Users\smuni\.m2\repository\io\github\bonigarcia\webdrivermanager\5.3.2\webdrivermanager-5.3.2.jar;C:\Users\smuni\.m2\repository\org\slf4j\slf4j-api\2.0.6\slf4j-api-2.0.6.jar;C:\Users\smuni\.m2\repository\com\google\code\gson\gson\2.10.1\gson-2.10.1.jar;C:\Users\smuni\.m2\repository\com\github\docker-java\docker-java\3.2.14\docker-java-3.2.14.jar;C:\Users\smuni\.m2\repository\com\github\docker-java\docker-java-core\3.2.14\docker-java-core-3.2.14.jar;C:\Users\smuni\.m2\repository\com\github\docker-java\docker-java-api\3.2.14\docker-java-api-3.2.14.jar;C:\Users\smuni\.m2\repository\com\fasterxml\jackson\core\jackson-annotations\2.10.3\jackson-annotations-2.10.3.jar;C:\Users\smuni\.m2\repository\com\fasterxml\jackson\core\jackson-databind\2.10.3\jackson-databind-2.10.3.jar;C:\Users\smuni\.m2\repository\com\fasterxml\jackson\core\jackson-core\2.10.3\jackson-core-2.10.3.jar;C:\Users\smuni\.m2\repository\org\bouncycastle\bcpkix-jdk15on\1.64\bcpkix-jdk15on-1.64.jar;C:\Users\smuni\.m2\repository\org\bouncycastle\bcprov-jdk15on\1.64\bcprov-jdk15on-1.64.jar;C:\Users\smuni\.m2\repository\org\slf4j\jcl-over-slf4j\1.7.30\jcl-over-slf4j-1.7.30.jar;C:\Users\smuni\.m2\repository\com\github\docker-java\docker-java-transport-httpclient5\3.2.14\docker-java-transport-httpclient5-3.2.14.jar;C:\Users\smuni\.m2\repository\com\github\docker-java\docker-java-transport\3.2.14\docker-java-transport-3.2.14.jar;C:\Users\smuni\.m2\repository\net\java\dev\jna\jna\5.12.1\jna-5.12.1.jar;C:\Users\smuni\.m2\repository\org\brotli\dec\0.1.2\dec-0.1.2.jar;C:\Users\smuni\.m2\repository\org\apache\commons\commons-lang3\3.12.0\commons-lang3-3.12.0.jar;C:\Users\smuni\.m2\repository\org\apache\httpcomponents\client5\httpclient5\5.2.1\httpclient5-5.2.1.jar;C:\Users\smuni\.m2\repository\org\apache\httpcomponents\core5\httpcore5\5.2\httpcore5-5.2.jar;C:\Users\smuni\.m2\repository\org\apache\httpcomponents\core5\httpcore5-h2\5.2\httpcore5-h2-5.2.jar;C:\Users\smuni\.m2\repository\org\apache\poi\poi\5.2.3\poi-5.2.3.jar;C:\Users\smuni\.m2\repository\commons-codec\commons-codec\1.15\commons-codec-1.15.jar;C:\Users\smuni\.m2\repository\org\apache\commons\commons-collections4\4.4\commons-collections4-4.4.jar;C:\Users\smuni\.m2\repository\org\apache\commons\commons-math3\3.6.1\commons-math3-3.6.1.jar;C:\Users\smuni\.m2\repository\com\zaxxer\SparseBitSet\1.2\SparseBitSet-1.2.jar;C:\Users\smuni\.m2\repository\org\apache\logging\log4j\log4j-api\2.18.0\log4j-api-2.18.0.jar;C:\Users\smuni\.m2\repository\org\apache\poi\poi-ooxml\5.2.3\poi-ooxml-5.2.3.jar;C:\Users\smuni\.m2\repository\org\apache\poi\poi-ooxml-lite\5.2.3\poi-ooxml-lite-5.2.3.jar;C:\Users\smuni\.m2\repository\org\apache\xmlbeans\xmlbeans\5.1.1\xmlbeans-5.1.1.jar;C:\Users\smuni\.m2\repository\org\apache\commons\commons-compress\1.21\commons-compress-1.21.jar;C:\Users\smuni\.m2\repository\com\github\virtuald\curvesapi\1.07\curvesapi-1.07.jar;C:\Users\smuni\.m2\repository\mysql\mysql-connector-java\8.0.30\mysql-connector-java-8.0.30.jar;C:\Users\smuni\.m2\repository\com\google\protobuf\protobuf-java\3.19.4\protobuf-java-3.19.4.jar;C:\Users\smuni\.m2\repository\commons-io\commons-io\2.11.0\commons-io-2.11.0.jar;C:\Users\smuni\.m2\repository\org\yaml\snakeyaml\1.33\snakeyaml-1.33.jar;C:\Users\smuni\.m2\repository\log4j\log4j\1.2.17\log4j-1.2.17.jar;C:\Users\smuni\.m2\repository\net\datafaker\datafaker\1.8.0\datafaker-1.8.0.jar;C:\Users\smuni\.m2\repository\com\github\mifmif\generex\1.0.2\generex-1.0.2.jar;C:\Users\smuni\.m2\repository\dk\brics\automaton\automaton\1.11-8\automaton-1.11-8.jar;"/>
    <property name="java.vm.vendor" value="Eclipse Adoptium"/>
    <property name="sun.arch.data.model" value="64"/>
    <property name="user.variant" value=""/>
    <property name="java.vendor.url" value="https://adoptium.net/"/>
    <property name="user.timezone" value="America/Toronto"/>
    <property name="os.name" value="Windows 10"/>
    <property name="java.vm.specification.version" value="17"/>
    <property name="sun.java.launcher" value="SUN_STANDARD"/>
    <property name="user.country" value="US"/>
    <property name="sun.boot.library.path" value="C:\Users\smuni\.p2\pool\plugins\org.eclipse.justj.openjdk.hotspot.jre.full.win32.x86_64_17.0.4.v20221004-1257\jre\bin"/>
    <property name="sun.java.command" value="C:\Users\smuni\AppData\Local\Temp\surefire18366510669285682375\surefirebooter-20230314002319834_3.jar C:\Users\smuni\AppData\Local\Temp\surefire18366510669285682375 2023-03-14T00-23-19_419-jvmRun1 surefire-20230314002319834_1tmp surefire_0-20230314002319834_2tmp"/>
    <property name="jdk.debug" value="release"/>
    <property name="surefire.test.class.path" value="L:\java\tek-bdd-framework\target\test-classes;L:\java\tek-bdd-framework\target\classes;C:\Users\smuni\.m2\repository\io\cucumber\cucumber-java\7.8.0\cucumber-java-7.8.0.jar;C:\Users\smuni\.m2\repository\io\cucumber\cucumber-core\7.8.0\cucumber-core-7.8.0.jar;C:\Users\smuni\.m2\repository\io\cucumber\cucumber-gherkin\7.8.0\cucumber-gherkin-7.8.0.jar;C:\Users\smuni\.m2\repository\io\cucumber\cucumber-gherkin-messages\7.8.0\cucumber-gherkin-messages-7.8.0.jar;C:\Users\smuni\.m2\repository\io\cucumber\gherkin\24.0.0\gherkin-24.0.0.jar;C:\Users\smuni\.m2\repository\io\cucumber\messages\19.1.2\messages-19.1.2.jar;C:\Users\smuni\.m2\repository\io\cucumber\tag-expressions\4.1.0\tag-expressions-4.1.0.jar;C:\Users\smuni\.m2\repository\io\cucumber\cucumber-expressions\16.0.0\cucumber-expressions-16.0.0.jar;C:\Users\smuni\.m2\repository\io\cucumber\datatable\7.8.0\datatable-7.8.0.jar;C:\Users\smuni\.m2\repository\io\cucumber\cucumber-plugin\7.8.0\cucumber-plugin-7.8.0.jar;C:\Users\smuni\.m2\repository\io\cucumber\docstring\7.8.0\docstring-7.8.0.jar;C:\Users\smuni\.m2\repository\io\cucumber\html-formatter\20.1.0\html-formatter-20.1.0.jar;C:\Users\smuni\.m2\repository\io\cucumber\ci-environment\9.1.0\ci-environment-9.1.0.jar;C:\Users\smuni\.m2\repository\org\apiguardian\apiguardian-api\1.1.2\apiguardian-api-1.1.2.jar;C:\Users\smuni\.m2\repository\io\cucumber\cucumber-junit\7.8.0\cucumber-junit-7.8.0.jar;C:\Users\smuni\.m2\repository\junit\junit\4.13.2\junit-4.13.2.jar;C:\Users\smuni\.m2\repository\org\hamcrest\hamcrest-core\1.3\hamcrest-core-1.3.jar;C:\Users\smuni\.m2\repository\org\seleniumhq\selenium\selenium-java\4.4.0\selenium-java-4.4.0.jar;C:\Users\smuni\.m2\repository\org\seleniumhq\selenium\selenium-api\4.4.0\selenium-api-4.4.0.jar;C:\Users\smuni\.m2\repository\org\seleniumhq\selenium\selenium-chrome-driver\4.4.0\selenium-chrome-driver-4.4.0.jar;C:\Users\smuni\.m2\repository\com\google\auto\service\auto-service-annotations\1.0.1\auto-service-annotations-1.0.1.jar;C:\Users\smuni\.m2\repository\com\google\auto\service\auto-service\1.0.1\auto-service-1.0.1.jar;C:\Users\smuni\.m2\repository\com\google\auto\auto-common\1.2\auto-common-1.2.jar;C:\Users\smuni\.m2\repository\com\google\guava\guava\31.1-jre\guava-31.1-jre.jar;C:\Users\smuni\.m2\repository\com\google\guava\failureaccess\1.0.1\failureaccess-1.0.1.jar;C:\Users\smuni\.m2\repository\com\google\guava\listenablefuture\9999.0-empty-to-avoid-conflict-with-guava\listenablefuture-9999.0-empty-to-avoid-conflict-with-guava.jar;C:\Users\smuni\.m2\repository\com\google\code\findbugs\jsr305\3.0.2\jsr305-3.0.2.jar;C:\Users\smuni\.m2\repository\org\checkerframework\checker-qual\3.12.0\checker-qual-3.12.0.jar;C:\Users\smuni\.m2\repository\com\google\errorprone\error_prone_annotations\2.11.0\error_prone_annotations-2.11.0.jar;C:\Users\smuni\.m2\repository\com\google\j2objc\j2objc-annotations\1.3\j2objc-annotations-1.3.jar;C:\Users\smuni\.m2\repository\org\seleniumhq\selenium\selenium-chromium-driver\4.4.0\selenium-chromium-driver-4.4.0.jar;C:\Users\smuni\.m2\repository\org\seleniumhq\selenium\selenium-json\4.4.0\selenium-json-4.4.0.jar;C:\Users\smuni\.m2\repository\org\seleniumhq\selenium\selenium-devtools-v102\4.4.0\selenium-devtools-v102-4.4.0.jar;C:\Users\smuni\.m2\repository\org\seleniumhq\selenium\selenium-devtools-v103\4.4.0\selenium-devtools-v103-4.4.0.jar;C:\Users\smuni\.m2\repository\org\seleniumhq\selenium\selenium-devtools-v104\4.4.0\selenium-devtools-v104-4.4.0.jar;C:\Users\smuni\.m2\repository\org\seleniumhq\selenium\selenium-devtools-v85\4.4.0\selenium-devtools-v85-4.4.0.jar;C:\Users\smuni\.m2\repository\org\seleniumhq\selenium\selenium-edge-driver\4.4.0\selenium-edge-driver-4.4.0.jar;C:\Users\smuni\.m2\repository\org\seleniumhq\selenium\selenium-firefox-driver\4.4.0\selenium-firefox-driver-4.4.0.jar;C:\Users\smuni\.m2\repository\org\seleniumhq\selenium\selenium-ie-driver\4.4.0\selenium-ie-driver-4.4.0.jar;C:\Users\smuni\.m2\repository\org\seleniumhq\selenium\selenium-opera-driver\4.4.0\selenium-opera-driver-4.4.0.jar;C:\Users\smuni\.m2\repository\org\seleniumhq\selenium\selenium-remote-driver\4.4.0\selenium-remote-driver-4.4.0.jar;C:\Users\smuni\.m2\repository\com\beust\jcommander\1.82\jcommander-1.82.jar;C:\Users\smuni\.m2\repository\io\netty\netty-buffer\4.1.78.Final\netty-buffer-4.1.78.Final.jar;C:\Users\smuni\.m2\repository\io\netty\netty-codec-http\4.1.78.Final\netty-codec-http-4.1.78.Final.jar;C:\Users\smuni\.m2\repository\io\netty\netty-codec\4.1.78.Final\netty-codec-4.1.78.Final.jar;C:\Users\smuni\.m2\repository\io\netty\netty-handler\4.1.78.Final\netty-handler-4.1.78.Final.jar;C:\Users\smuni\.m2\repository\io\netty\netty-common\4.1.78.Final\netty-common-4.1.78.Final.jar;C:\Users\smuni\.m2\repository\io\netty\netty-transport-classes-epoll\4.1.78.Final\netty-transport-classes-epoll-4.1.78.Final.jar;C:\Users\smuni\.m2\repository\io\netty\netty-transport-classes-kqueue\4.1.78.Final\netty-transport-classes-kqueue-4.1.78.Final.jar;C:\Users\smuni\.m2\repository\io\netty\netty-transport-native-epoll\4.1.78.Final\netty-transport-native-epoll-4.1.78.Final.jar;C:\Users\smuni\.m2\repository\io\netty\netty-transport-native-kqueue\4.1.78.Final\netty-transport-native-kqueue-4.1.78.Final.jar;C:\Users\smuni\.m2\repository\io\netty\netty-transport-native-unix-common\4.1.78.Final\netty-transport-native-unix-common-4.1.78.Final.jar;C:\Users\smuni\.m2\repository\io\netty\netty-transport\4.1.78.Final\netty-transport-4.1.78.Final.jar;C:\Users\smuni\.m2\repository\io\netty\netty-resolver\4.1.78.Final\netty-resolver-4.1.78.Final.jar;C:\Users\smuni\.m2\repository\io\opentelemetry\opentelemetry-api\1.16.0\opentelemetry-api-1.16.0.jar;C:\Users\smuni\.m2\repository\io\opentelemetry\opentelemetry-context\1.16.0\opentelemetry-context-1.16.0.jar;C:\Users\smuni\.m2\repository\io\opentelemetry\opentelemetry-exporter-logging\1.16.0\opentelemetry-exporter-logging-1.16.0.jar;C:\Users\smuni\.m2\repository\io\opentelemetry\opentelemetry-sdk-metrics\1.16.0\opentelemetry-sdk-metrics-1.16.0.jar;C:\Users\smuni\.m2\repository\io\opentelemetry\opentelemetry-sdk-logs\1.16.0-alpha\opentelemetry-sdk-logs-1.16.0-alpha.jar;C:\Users\smuni\.m2\repository\io\opentelemetry\opentelemetry-sdk-common\1.16.0\opentelemetry-sdk-common-1.16.0.jar;C:\Users\smuni\.m2\repository\io\opentelemetry\opentelemetry-sdk-extension-autoconfigure-spi\1.16.0\opentelemetry-sdk-extension-autoconfigure-spi-1.16.0.jar;C:\Users\smuni\.m2\repository\io\opentelemetry\opentelemetry-sdk-extension-autoconfigure\1.16.0-alpha\opentelemetry-sdk-extension-autoconfigure-1.16.0-alpha.jar;C:\Users\smuni\.m2\repository\io\opentelemetry\opentelemetry-sdk-trace\1.16.0\opentelemetry-sdk-trace-1.16.0.jar;C:\Users\smuni\.m2\repository\io\opentelemetry\opentelemetry-sdk\1.16.0\opentelemetry-sdk-1.16.0.jar;C:\Users\smuni\.m2\repository\io\opentelemetry\opentelemetry-semconv\1.16.0-alpha\opentelemetry-semconv-1.16.0-alpha.jar;C:\Users\smuni\.m2\repository\io\ous\jtoml\2.0.0\jtoml-2.0.0.jar;C:\Users\smuni\.m2\repository\net\bytebuddy\byte-buddy\1.12.10\byte-buddy-1.12.10.jar;C:\Users\smuni\.m2\repository\org\apache\commons\commons-exec\1.3\commons-exec-1.3.jar;C:\Users\smuni\.m2\repository\org\asynchttpclient\async-http-client\2.12.3\async-http-client-2.12.3.jar;C:\Users\smuni\.m2\repository\org\asynchttpclient\async-http-client-netty-utils\2.12.3\async-http-client-netty-utils-2.12.3.jar;C:\Users\smuni\.m2\repository\io\netty\netty-codec-socks\4.1.60.Final\netty-codec-socks-4.1.60.Final.jar;C:\Users\smuni\.m2\repository\io\netty\netty-handler-proxy\4.1.60.Final\netty-handler-proxy-4.1.60.Final.jar;C:\Users\smuni\.m2\repository\io\netty\netty-transport-native-epoll\4.1.60.Final\netty-transport-native-epoll-4.1.60.Final-linux-x86_64.jar;C:\Users\smuni\.m2\repository\io\netty\netty-transport-native-kqueue\4.1.60.Final\netty-transport-native-kqueue-4.1.60.Final-osx-x86_64.jar;C:\Users\smuni\.m2\repository\org\reactivestreams\reactive-streams\1.0.3\reactive-streams-1.0.3.jar;C:\Users\smuni\.m2\repository\com\typesafe\netty\netty-reactive-streams\2.0.4\netty-reactive-streams-2.0.4.jar;C:\Users\smuni\.m2\repository\com\sun\activation\jakarta.activation\1.2.2\jakarta.activation-1.2.2.jar;C:\Users\smuni\.m2\repository\org\seleniumhq\selenium\selenium-http\4.4.0\selenium-http-4.4.0.jar;C:\Users\smuni\.m2\repository\dev\failsafe\failsafe\3.2.4\failsafe-3.2.4.jar;C:\Users\smuni\.m2\repository\org\seleniumhq\selenium\selenium-safari-driver\4.4.0\selenium-safari-driver-4.4.0.jar;C:\Users\smuni\.m2\repository\org\seleniumhq\selenium\selenium-support\4.4.0\selenium-support-4.4.0.jar;C:\Users\smuni\.m2\repository\io\github\bonigarcia\webdrivermanager\5.3.2\webdrivermanager-5.3.2.jar;C:\Users\smuni\.m2\repository\org\slf4j\slf4j-api\2.0.6\slf4j-api-2.0.6.jar;C:\Users\smuni\.m2\repository\com\google\code\gson\gson\2.10.1\gson-2.10.1.jar;C:\Users\smuni\.m2\repository\com\github\docker-java\docker-java\3.2.14\docker-java-3.2.14.jar;C:\Users\smuni\.m2\repository\com\github\docker-java\docker-java-core\3.2.14\docker-java-core-3.2.14.jar;C:\Users\smuni\.m2\repository\com\github\docker-java\docker-java-api\3.2.14\docker-java-api-3.2.14.jar;C:\Users\smuni\.m2\repository\com\fasterxml\jackson\core\jackson-annotations\2.10.3\jackson-annotations-2.10.3.jar;C:\Users\smuni\.m2\repository\com\fasterxml\jackson\core\jackson-databind\2.10.3\jackson-databind-2.10.3.jar;C:\Users\smuni\.m2\repository\com\fasterxml\jackson\core\jackson-core\2.10.3\jackson-core-2.10.3.jar;C:\Users\smuni\.m2\repository\org\bouncycastle\bcpkix-jdk15on\1.64\bcpkix-jdk15on-1.64.jar;C:\Users\smuni\.m2\repository\org\bouncycastle\bcprov-jdk15on\1.64\bcprov-jdk15on-1.64.jar;C:\Users\smuni\.m2\repository\org\slf4j\jcl-over-slf4j\1.7.30\jcl-over-slf4j-1.7.30.jar;C:\Users\smuni\.m2\repository\com\github\docker-java\docker-java-transport-httpclient5\3.2.14\docker-java-transport-httpclient5-3.2.14.jar;C:\Users\smuni\.m2\repository\com\github\docker-java\docker-java-transport\3.2.14\docker-java-transport-3.2.14.jar;C:\Users\smuni\.m2\repository\net\java\dev\jna\jna\5.12.1\jna-5.12.1.jar;C:\Users\smuni\.m2\repository\org\brotli\dec\0.1.2\dec-0.1.2.jar;C:\Users\smuni\.m2\repository\org\apache\commons\commons-lang3\3.12.0\commons-lang3-3.12.0.jar;C:\Users\smuni\.m2\repository\org\apache\httpcomponents\client5\httpclient5\5.2.1\httpclient5-5.2.1.jar;C:\Users\smuni\.m2\repository\org\apache\httpcomponents\core5\httpcore5\5.2\httpcore5-5.2.jar;C:\Users\smuni\.m2\repository\org\apache\httpcomponents\core5\httpcore5-h2\5.2\httpcore5-h2-5.2.jar;C:\Users\smuni\.m2\repository\org\apache\poi\poi\5.2.3\poi-5.2.3.jar;C:\Users\smuni\.m2\repository\commons-codec\commons-codec\1.15\commons-codec-1.15.jar;C:\Users\smuni\.m2\repository\org\apache\commons\commons-collections4\4.4\commons-collections4-4.4.jar;C:\Users\smuni\.m2\repository\org\apache\commons\commons-math3\3.6.1\commons-math3-3.6.1.jar;C:\Users\smuni\.m2\repository\com\zaxxer\SparseBitSet\1.2\SparseBitSet-1.2.jar;C:\Users\smuni\.m2\repository\org\apache\logging\log4j\log4j-api\2.18.0\log4j-api-2.18.0.jar;C:\Users\smuni\.m2\repository\org\apache\poi\poi-ooxml\5.2.3\poi-ooxml-5.2.3.jar;C:\Users\smuni\.m2\repository\org\apache\poi\poi-ooxml-lite\5.2.3\poi-ooxml-lite-5.2.3.jar;C:\Users\smuni\.m2\repository\org\apache\xmlbeans\xmlbeans\5.1.1\xmlbeans-5.1.1.jar;C:\Users\smuni\.m2\repository\org\apache\commons\commons-compress\1.21\commons-compress-1.21.jar;C:\Users\smuni\.m2\repository\com\github\virtuald\curvesapi\1.07\curvesapi-1.07.jar;C:\Users\smuni\.m2\repository\mysql\mysql-connector-java\8.0.30\mysql-connector-java-8.0.30.jar;C:\Users\smuni\.m2\repository\com\google\protobuf\protobuf-java\3.19.4\protobuf-java-3.19.4.jar;C:\Users\smuni\.m2\repository\commons-io\commons-io\2.11.0\commons-io-2.11.0.jar;C:\Users\smuni\.m2\repository\org\yaml\snakeyaml\1.33\snakeyaml-1.33.jar;C:\Users\smuni\.m2\repository\log4j\log4j\1.2.17\log4j-1.2.17.jar;C:\Users\smuni\.m2\repository\net\datafaker\datafaker\1.8.0\datafaker-1.8.0.jar;C:\Users\smuni\.m2\repository\com\github\mifmif\generex\1.0.2\generex-1.0.2.jar;C:\Users\smuni\.m2\repository\dk\brics\automaton\automaton\1.11-8\automaton-1.11-8.jar;"/>
    <property name="sun.cpu.endian" value="little"/>
    <property name="user.home" value="C:\Users\smuni"/>
    <property name="user.language" value="en"/>
    <property name="java.specification.vendor" value="Oracle Corporation"/>
    <property name="java.version.date" value="2022-08-12"/>
    <property name="java.home" value="C:\Users\smuni\.p2\pool\plugins\org.eclipse.justj.openjdk.hotspot.jre.full.win32.x86_64_17.0.4.v20221004-1257\jre"/>
    <property name="file.separator" value="\"/>
    <property name="style.color" value="always"/>
    <property name="basedir" value="L:\java\tek-bdd-framework"/>
    <property name="java.vm.compressedOopsMode" value="Zero based"/>
    <property name="line.separator" value="&#10;"/>
    <property name="java.vm.specification.vendor" value="Oracle Corporation"/>
    <property name="java.specification.name" value="Java Platform API Specification"/>
    <property name="surefire.real.class.path" value="C:\Users\smuni\AppData\Local\Temp\surefire18366510669285682375\surefirebooter-20230314002319834_3.jar"/>
    <property name="user.script" value=""/>
    <property name="sun.management.compiler" value="HotSpot 64-Bit Tiered Compilers"/>
    <property name="java.runtime.version" value="17.0.4.1+1"/>
    <property name="user.name" value="smuni"/>
    <property name="path.separator" value=";"/>
    <property name="os.version" value="10.0"/>
    <property name="java.runtime.name" value="OpenJDK Runtime Environment"/>
    <property name="file.encoding" value="Cp1252"/>
    <property name="java.vm.name" value="OpenJDK 64-Bit Server VM"/>
    <property name="java.vendor.version" value="Temurin-17.0.4.1+1"/>
    <property name="localRepository" value="C:\Users\smuni\.m2\repository"/>
    <property name="java.vendor.url.bug" value="https://github.com/adoptium/adoptium-support/issues"/>
    <property name="java.io.tmpdir" value="C:\Users\smuni\AppData\Local\Temp\"/>
    <property name="java.version" value="17.0.4.1"/>
    <property name="user.dir" value="L:\java\tek-bdd-framework"/>
    <property name="os.arch" value="amd64"/>
    <property name="java.vm.specification.name" value="Java Virtual Machine Specification"/>
    <property name="sun.os.patch.level" value=""/>
    <property name="native.encoding" value="Cp1252"/>
    <property name="java.library.path" value="C:\Users\smuni\.p2\pool\plugins\org.eclipse.justj.openjdk.hotspot.jre.full.win32.x86_64_17.0.4.v20221004-1257\jre\bin;C:\WINDOWS\Sun\Java\bin;C:\WINDOWS\system32;C:\WINDOWS;C:/Users/smuni/.p2/pool/plugins/org.eclipse.justj.openjdk.hotspot.jre.full.win32.x86_64_17.0.4.v20221004-1257/jre/bin/server;C:/Users/smuni/.p2/pool/plugins/org.eclipse.justj.openjdk.hotspot.jre.full.win32.x86_64_17.0.4.v20221004-1257/jre/bin;C:\Program Files\Common Files\Oracle\Java\javapath;C:\WINDOWS\system32;C:\WINDOWS;C:\WINDOWS\System32\Wbem;C:\WINDOWS\System32\WindowsPowerShell\v1.0\;C:\WINDOWS\System32\OpenSSH\;C:\apache-maven-3.8.7\bin;C:\Program Files\Git\cmd;C:\Users\smuni\AppData\Local\Microsoft\WindowsApps;;C:\WINDOWS\System32;;."/>
    <property name="java.vm.info" value="mixed mode"/>
    <property name="java.vendor" value="Eclipse Adoptium"/>
    <property name="java.vm.version" value="17.0.4.1+1"/>
    <property name="sun.io.unicode.encoding" value="UnicodeLittle"/>
    <property name="java.class.version" value="61.0"/>
  </properties>
  <testcase name="Verify user can search a product" classname="Retail Home Page" time="14.108">
    <system-out><![CDATA[
@smokeTest
Scenario: Verify user can search a product # features/Home.feature:4
 INFO [main] (HomeSteps.java:24)- user is on retail website
 INFO [main] (HomeSteps.java:25)- Actual Title React App Equals  ExpectedTitle React App
  Given User is on retail website          # tek.sdet.framework.steps.HomeSteps.userIsOnRetailWebsite()
 INFO [main] (HomeSteps.java:33)- user searched for product pokemon
  When User search for "pokemon" product   # tek.sdet.framework.steps.HomeSteps.userSearchForProduct(java.lang.String)
 INFO [main] (HomeSteps.java:39)- the Product is displayed on home page
  Then The product should be displayed     # tek.sdet.framework.steps.HomeSteps.theProductShouldBeDisplayed()
]]></system-out>
    <system-err><![CDATA[SLF4J: No SLF4J providers were found.
SLF4J: Defaulting to no-operation (NOP) logger implementation
SLF4J: See https://www.slf4j.org/codes.html#noProviders for further details.
ERROR StatusLogger Log4j2 could not find a logging implementation. Please add log4j-core to the classpath. Using SimpleLogger to log to the console...
Starting Microsoft Edge WebDriver 110.0.1587.69 (f970cc122bfe683a1917444c8c3ba299b94f7ec8) on port 49837
To submit feedback, report a bug, or suggest new features, please visit https://github.com/MicrosoftEdge/EdgeWebDriver

Only local connections are allowed.
Please see https://aka.ms/WebDriverSecurity for suggestions on keeping Microsoft Edge WebDriver safe.

Microsoft Edge WebDriver was started successfully.
[1678767810.868][WARNING]: This version of Microsoft Edge WebDriver has not been tested with Microsoft Edge version 111.
[1678767810.937][WARNING]: virtual void DevToolsClientImpl::AddListener(DevToolsEventListener *) subscribing a listener to the already connected DevToolsClient. Connection notification will not arrive.
Mar 14, 2023 12:23:31 AM org.openqa.selenium.remote.ProtocolHandshake createSession
INFO: Detected upstream dialect: W3C
Mar 14, 2023 12:23:31 AM org.openqa.selenium.devtools.CdpVersionFinder findNearestMatch
WARNING: Unable to find an exact match for CDP version 111, so returning the closest version found: a no-op implementation
Mar 14, 2023 12:23:31 AM org.openqa.selenium.devtools.CdpVersionFinder findNearestMatch
INFO: Unable to find CDP implementation matching 111.
Mar 14, 2023 12:23:31 AM org.openqa.selenium.chromium.ChromiumDriver lambda$new$3
WARNING: Unable to find version of CDP to use for . You may need to include a dependency on a specific version of the CDP using something similar to `org.seleniumhq.selenium:selenium-devtools-v86:4.4.0` where the version ("v86") matches the version of the chromium-based browser you're using and the version number of the artifact is the same as Selenium's.
]]></system-err>
  </testcase>
  <testcase name="Verify Shop by Department sidebar" classname="Retail Home Page" time="12.251">
    <system-out><![CDATA[
@smokeTest
Scenario: Verify Shop by Department sidebar                    # features/Home.feature:9
 INFO [main] (HomeSteps.java:24)- user is on retail website
 INFO [main] (HomeSteps.java:25)- Actual Title React App Equals  ExpectedTitle React App
  Given User is on retail website                              # tek.sdet.framework.steps.HomeSteps.userIsOnRetailWebsite()
 INFO [main] (HomeSteps.java:46)- User clicked on All section
  When User click on All section                               # tek.sdet.framework.steps.HomeSteps.userClickOnAllSection()
 INFO [main] (HomeSteps.java:57)- Electronicsis equal to Electronics
 INFO [main] (HomeSteps.java:57)- Computersis equal to Computers
 INFO [main] (HomeSteps.java:57)- Smart Homeis equal to Smart Home
 INFO [main] (HomeSteps.java:57)- Sportsis equal to Sports
 INFO [main] (HomeSteps.java:57)- Automativeis equal to Automative
  Then below options are present in Shop by Department sidebar # tek.sdet.framework.steps.HomeSteps.belowOptionsArePresentInShopByDepartmentSidebar(io.cucumber.datatable.DataTable)
    | Electronics | Computers | Smart Home | Sports | Automative |
]]></system-out>
    <system-err><![CDATA[Starting Microsoft Edge WebDriver 110.0.1587.69 (f970cc122bfe683a1917444c8c3ba299b94f7ec8) on port 62743
To submit feedback, report a bug, or suggest new features, please visit https://github.com/MicrosoftEdge/EdgeWebDriver

Only local connections are allowed.
Please see https://aka.ms/WebDriverSecurity for suggestions on keeping Microsoft Edge WebDriver safe.

Microsoft Edge WebDriver was started successfully.
[1678767822.748][WARNING]: This version of Microsoft Edge WebDriver has not been tested with Microsoft Edge version 111.
[1678767822.760][WARNING]: virtual void DevToolsClientImpl::AddListener(DevToolsEventListener *) subscribing a listener to the already connected DevToolsClient. Connection notification will not arrive.
Mar 14, 2023 12:23:42 AM org.openqa.selenium.remote.ProtocolHandshake createSession
INFO: Detected upstream dialect: W3C
Mar 14, 2023 12:23:42 AM org.openqa.selenium.devtools.CdpVersionFinder findNearestMatch
WARNING: Unable to find an exact match for CDP version 111, so returning the closest version found: a no-op implementation
Mar 14, 2023 12:23:42 AM org.openqa.selenium.devtools.CdpVersionFinder findNearestMatch
INFO: Unable to find CDP implementation matching 111.
Mar 14, 2023 12:23:42 AM org.openqa.selenium.chromium.ChromiumDriver lambda$new$3
WARNING: Unable to find version of CDP to use for . You may need to include a dependency on a specific version of the CDP using something similar to `org.seleniumhq.selenium:selenium-devtools-v86:4.4.0` where the version ("v86") matches the version of the chromium-based browser you're using and the version number of the artifact is the same as Selenium's.
]]></system-err>
  </testcase>
  <testcase name="Verify department sidebar options #1" classname="Retail Home Page" time="13.087">
    <system-out><![CDATA[
@smokeTest
Scenario Outline: Verify department sidebar options # features/Home.feature:24
 INFO [main] (HomeSteps.java:24)- user is on retail website
 INFO [main] (HomeSteps.java:25)- Actual Title React App Equals  ExpectedTitle React App
  Given User is on retail website                   # tek.sdet.framework.steps.HomeSteps.userIsOnRetailWebsite()
 INFO [main] (HomeSteps.java:46)- User clicked on All section
  When User click on All section                    # tek.sdet.framework.steps.HomeSteps.userClickOnAllSection()
  And User on 'Electronics'                         # tek.sdet.framework.steps.HomeSteps.userOnElectronics(java.lang.String)
 INFO [main] (HomeSteps.java:92)- TV & Videois present
 INFO [main] (HomeSteps.java:92)- Video Gamesis present
  Then below options are present in department      # tek.sdet.framework.steps.HomeSteps.belowOptionsArePresentInDepartment(io.cucumber.datatable.DataTable)
    | TV & Video | Video Games |
]]></system-out>
    <system-err><![CDATA[Starting Microsoft Edge WebDriver 110.0.1587.69 (f970cc122bfe683a1917444c8c3ba299b94f7ec8) on port 52343
To submit feedback, report a bug, or suggest new features, please visit https://github.com/MicrosoftEdge/EdgeWebDriver

Only local connections are allowed.
Please see https://aka.ms/WebDriverSecurity for suggestions on keeping Microsoft Edge WebDriver safe.

Microsoft Edge WebDriver was started successfully.
[1678767835.896][WARNING]: This version of Microsoft Edge WebDriver has not been tested with Microsoft Edge version 111.
[1678767835.909][WARNING]: virtual void DevToolsClientImpl::AddListener(DevToolsEventListener *) subscribing a listener to the already connected DevToolsClient. Connection notification will not arrive.
Mar 14, 2023 12:23:55 AM org.openqa.selenium.remote.ProtocolHandshake createSession
INFO: Detected upstream dialect: W3C
Mar 14, 2023 12:23:55 AM org.openqa.selenium.devtools.CdpVersionFinder findNearestMatch
WARNING: Unable to find an exact match for CDP version 111, so returning the closest version found: a no-op implementation
Mar 14, 2023 12:23:55 AM org.openqa.selenium.devtools.CdpVersionFinder findNearestMatch
INFO: Unable to find CDP implementation matching 111.
Mar 14, 2023 12:23:55 AM org.openqa.selenium.chromium.ChromiumDriver lambda$new$3
WARNING: Unable to find version of CDP to use for . You may need to include a dependency on a specific version of the CDP using something similar to `org.seleniumhq.selenium:selenium-devtools-v86:4.4.0` where the version ("v86") matches the version of the chromium-based browser you're using and the version number of the artifact is the same as Selenium's.
]]></system-err>
  </testcase>
  <testcase name="Verify department sidebar options #2" classname="Retail Home Page" time="15.876">
    <system-out><![CDATA[
@smokeTest
Scenario Outline: Verify department sidebar options # features/Home.feature:25
 INFO [main] (HomeSteps.java:24)- user is on retail website
 INFO [main] (HomeSteps.java:25)- Actual Title React App Equals  ExpectedTitle React App
  Given User is on retail website                   # tek.sdet.framework.steps.HomeSteps.userIsOnRetailWebsite()
 INFO [main] (HomeSteps.java:46)- User clicked on All section
  When User click on All section                    # tek.sdet.framework.steps.HomeSteps.userClickOnAllSection()
  And User on 'Computers'                           # tek.sdet.framework.steps.HomeSteps.userOnElectronics(java.lang.String)
 INFO [main] (HomeSteps.java:92)- Accessoriesis present
 INFO [main] (HomeSteps.java:92)- Networkingis present
  Then below options are present in department      # tek.sdet.framework.steps.HomeSteps.belowOptionsArePresentInDepartment(io.cucumber.datatable.DataTable)
    | Accessories | Networking |
]]></system-out>
    <system-err><![CDATA[Starting Microsoft Edge WebDriver 110.0.1587.69 (f970cc122bfe683a1917444c8c3ba299b94f7ec8) on port 62755
To submit feedback, report a bug, or suggest new features, please visit https://github.com/MicrosoftEdge/EdgeWebDriver

Only local connections are allowed.
Please see https://aka.ms/WebDriverSecurity for suggestions on keeping Microsoft Edge WebDriver safe.

Microsoft Edge WebDriver was started successfully.
[1678767848.238][WARNING]: This version of Microsoft Edge WebDriver has not been tested with Microsoft Edge version 111.
[1678767848.252][WARNING]: virtual void DevToolsClientImpl::AddListener(DevToolsEventListener *) subscribing a listener to the already connected DevToolsClient. Connection notification will not arrive.
Mar 14, 2023 12:24:08 AM org.openqa.selenium.remote.ProtocolHandshake createSession
INFO: Detected upstream dialect: W3C
Mar 14, 2023 12:24:08 AM org.openqa.selenium.devtools.CdpVersionFinder findNearestMatch
WARNING: Unable to find an exact match for CDP version 111, so returning the closest version found: a no-op implementation
Mar 14, 2023 12:24:08 AM org.openqa.selenium.devtools.CdpVersionFinder findNearestMatch
INFO: Unable to find CDP implementation matching 111.
Mar 14, 2023 12:24:08 AM org.openqa.selenium.chromium.ChromiumDriver lambda$new$3
WARNING: Unable to find version of CDP to use for . You may need to include a dependency on a specific version of the CDP using something similar to `org.seleniumhq.selenium:selenium-devtools-v86:4.4.0` where the version ("v86") matches the version of the chromium-based browser you're using and the version number of the artifact is the same as Selenium's.
]]></system-err>
  </testcase>
  <testcase name="Verify department sidebar options #3" classname="Retail Home Page" time="12.755">
    <system-out><![CDATA[
@smokeTest
Scenario Outline: Verify department sidebar options # features/Home.feature:26
 INFO [main] (HomeSteps.java:24)- user is on retail website
 INFO [main] (HomeSteps.java:25)- Actual Title React App Equals  ExpectedTitle React App
  Given User is on retail website                   # tek.sdet.framework.steps.HomeSteps.userIsOnRetailWebsite()
 INFO [main] (HomeSteps.java:46)- User clicked on All section
  When User click on All section                    # tek.sdet.framework.steps.HomeSteps.userClickOnAllSection()
  And User on 'Smart Home'                          # tek.sdet.framework.steps.HomeSteps.userOnElectronics(java.lang.String)
 INFO [main] (HomeSteps.java:92)- Smart Home Lightningis present
 INFO [main] (HomeSteps.java:92)- Plugs and Outletsis present
  Then below options are present in department      # tek.sdet.framework.steps.HomeSteps.belowOptionsArePresentInDepartment(io.cucumber.datatable.DataTable)
    | Smart Home Lightning | Plugs and Outlets |
]]></system-out>
    <system-err><![CDATA[Starting Microsoft Edge WebDriver 110.0.1587.69 (f970cc122bfe683a1917444c8c3ba299b94f7ec8) on port 60306
To submit feedback, report a bug, or suggest new features, please visit https://github.com/MicrosoftEdge/EdgeWebDriver

Only local connections are allowed.
Please see https://aka.ms/WebDriverSecurity for suggestions on keeping Microsoft Edge WebDriver safe.

Microsoft Edge WebDriver was started successfully.
[1678767864.331][WARNING]: This version of Microsoft Edge WebDriver has not been tested with Microsoft Edge version 111.
[1678767864.342][WARNING]: virtual void DevToolsClientImpl::AddListener(DevToolsEventListener *) subscribing a listener to the already connected DevToolsClient. Connection notification will not arrive.
Mar 14, 2023 12:24:24 AM org.openqa.selenium.remote.ProtocolHandshake createSession
INFO: Detected upstream dialect: W3C
Mar 14, 2023 12:24:24 AM org.openqa.selenium.devtools.CdpVersionFinder findNearestMatch
WARNING: Unable to find an exact match for CDP version 111, so returning the closest version found: a no-op implementation
Mar 14, 2023 12:24:24 AM org.openqa.selenium.devtools.CdpVersionFinder findNearestMatch
INFO: Unable to find CDP implementation matching 111.
Mar 14, 2023 12:24:24 AM org.openqa.selenium.chromium.ChromiumDriver lambda$new$3
WARNING: Unable to find version of CDP to use for . You may need to include a dependency on a specific version of the CDP using something similar to `org.seleniumhq.selenium:selenium-devtools-v86:4.4.0` where the version ("v86") matches the version of the chromium-based browser you're using and the version number of the artifact is the same as Selenium's.
]]></system-err>
  </testcase>
  <testcase name="Verify department sidebar options #4" classname="Retail Home Page" time="11.308">
    <system-out><![CDATA[
@smokeTest
Scenario Outline: Verify department sidebar options # features/Home.feature:27
 INFO [main] (HomeSteps.java:24)- user is on retail website
 INFO [main] (HomeSteps.java:25)- Actual Title React App Equals  ExpectedTitle React App
  Given User is on retail website                   # tek.sdet.framework.steps.HomeSteps.userIsOnRetailWebsite()
 INFO [main] (HomeSteps.java:46)- User clicked on All section
  When User click on All section                    # tek.sdet.framework.steps.HomeSteps.userClickOnAllSection()
  And User on 'Sports'                              # tek.sdet.framework.steps.HomeSteps.userOnElectronics(java.lang.String)
 INFO [main] (HomeSteps.java:92)- Athletic Clothingis present
 INFO [main] (HomeSteps.java:92)- Exercise & Fitnessis present
  Then below options are present in department      # tek.sdet.framework.steps.HomeSteps.belowOptionsArePresentInDepartment(io.cucumber.datatable.DataTable)
    | Athletic Clothing | Exercise & Fitness |
]]></system-out>
    <system-err><![CDATA[Starting Microsoft Edge WebDriver 110.0.1587.69 (f970cc122bfe683a1917444c8c3ba299b94f7ec8) on port 57441
To submit feedback, report a bug, or suggest new features, please visit https://github.com/MicrosoftEdge/EdgeWebDriver

Only local connections are allowed.
Please see https://aka.ms/WebDriverSecurity for suggestions on keeping Microsoft Edge WebDriver safe.

Microsoft Edge WebDriver was started successfully.
[1678767876.886][WARNING]: This version of Microsoft Edge WebDriver has not been tested with Microsoft Edge version 111.
[1678767876.911][WARNING]: virtual void DevToolsClientImpl::AddListener(DevToolsEventListener *) subscribing a listener to the already connected DevToolsClient. Connection notification will not arrive.
Mar 14, 2023 12:24:37 AM org.openqa.selenium.remote.ProtocolHandshake createSession
INFO: Detected upstream dialect: W3C
Mar 14, 2023 12:24:37 AM org.openqa.selenium.devtools.CdpVersionFinder findNearestMatch
WARNING: Unable to find an exact match for CDP version 111, so returning the closest version found: a no-op implementation
Mar 14, 2023 12:24:37 AM org.openqa.selenium.devtools.CdpVersionFinder findNearestMatch
INFO: Unable to find CDP implementation matching 111.
Mar 14, 2023 12:24:37 AM org.openqa.selenium.chromium.ChromiumDriver lambda$new$3
WARNING: Unable to find version of CDP to use for . You may need to include a dependency on a specific version of the CDP using something similar to `org.seleniumhq.selenium:selenium-devtools-v86:4.4.0` where the version ("v86") matches the version of the chromium-based browser you're using and the version number of the artifact is the same as Selenium's.
]]></system-err>
  </testcase>
  <testcase name="Verify department sidebar options #5" classname="Retail Home Page" time="11.777">
    <system-out><![CDATA[
@smokeTest
Scenario Outline: Verify department sidebar options # features/Home.feature:28
 INFO [main] (HomeSteps.java:24)- user is on retail website
 INFO [main] (HomeSteps.java:25)- Actual Title React App Equals  ExpectedTitle React App
  Given User is on retail website                   # tek.sdet.framework.steps.HomeSteps.userIsOnRetailWebsite()
 INFO [main] (HomeSteps.java:46)- User clicked on All section
  When User click on All section                    # tek.sdet.framework.steps.HomeSteps.userClickOnAllSection()
  And User on 'Automative'                          # tek.sdet.framework.steps.HomeSteps.userOnElectronics(java.lang.String)
 INFO [main] (HomeSteps.java:92)- Automative Parts & Accessoriesis present
 INFO [main] (HomeSteps.java:92)- MotorCycle & Powersportsis present
  Then below options are present in department      # tek.sdet.framework.steps.HomeSteps.belowOptionsArePresentInDepartment(io.cucumber.datatable.DataTable)
    | Automative Parts & Accessories | MotorCycle & Powersports |
]]></system-out>
    <system-err><![CDATA[Starting Microsoft Edge WebDriver 110.0.1587.69 (f970cc122bfe683a1917444c8c3ba299b94f7ec8) on port 51285
To submit feedback, report a bug, or suggest new features, please visit https://github.com/MicrosoftEdge/EdgeWebDriver

Only local connections are allowed.
Please see https://aka.ms/WebDriverSecurity for suggestions on keeping Microsoft Edge WebDriver safe.

Microsoft Edge WebDriver was started successfully.
[1678767888.130][WARNING]: This version of Microsoft Edge WebDriver has not been tested with Microsoft Edge version 111.
[1678767888.147][WARNING]: virtual void DevToolsClientImpl::AddListener(DevToolsEventListener *) subscribing a listener to the already connected DevToolsClient. Connection notification will not arrive.
Mar 14, 2023 12:24:48 AM org.openqa.selenium.remote.ProtocolHandshake createSession
INFO: Detected upstream dialect: W3C
Mar 14, 2023 12:24:48 AM org.openqa.selenium.devtools.CdpVersionFinder findNearestMatch
WARNING: Unable to find an exact match for CDP version 111, so returning the closest version found: a no-op implementation
Mar 14, 2023 12:24:48 AM org.openqa.selenium.devtools.CdpVersionFinder findNearestMatch
INFO: Unable to find CDP implementation matching 111.
Mar 14, 2023 12:24:48 AM org.openqa.selenium.chromium.ChromiumDriver lambda$new$3
WARNING: Unable to find version of CDP to use for . You may need to include a dependency on a specific version of the CDP using something similar to `org.seleniumhq.selenium:selenium-devtools-v86:4.4.0` where the version ("v86") matches the version of the chromium-based browser you're using and the version number of the artifact is the same as Selenium's.
]]></system-err>
  </testcase>
  <testcase name="Verify User can add an item to cart" classname="Retail Home Page" time="14.018">
    <system-out><![CDATA[
@smokeTest
Scenario: Verify User can add an item to cart                       # features/Home.feature:30
 INFO [main] (HomeSteps.java:24)- user is on retail website
 INFO [main] (HomeSteps.java:25)- Actual Title React App Equals  ExpectedTitle React App
  Given User is on retail website                                   # tek.sdet.framework.steps.HomeSteps.userIsOnRetailWebsite()
 INFO [main] (SignInSteps.java:23)- user clicked on sign in option
  When User click on Sign in option                                 # tek.sdet.framework.steps.SignInSteps.userClickOnSignInBtn()
 INFO [main] (SignInSteps.java:30)- User Entered email qaTester@gmail.comuser Entered password Tek@1234
  And User enter email 'qaTester@gmail.com' and password 'Tek@1234' # tek.sdet.framework.steps.SignInSteps.userEnterEmailAndPassword(java.lang.String,java.lang.String)
 INFO [main] (SignInSteps.java:37)- Login button is enabled
  When User click on login button                                   # tek.sdet.framework.steps.SignInSteps.userClickOnLoginButton()
  And User should be logged in into Account                         # tek.sdet.framework.steps.SignInSteps.userShouldBeLoggedInintoAccount()
 INFO [main] (HomeSteps.java:104)- User change the category to Smart Home
  And User change the category to 'Smart Home'                      # tek.sdet.framework.steps.HomeSteps.userChangeTheCategoryTo(java.lang.String)
 INFO [main] (HomeSteps.java:111)- Expected inpurt inserted kasa outdoor smart plug
  And User search for an item 'kasa outdoor smart plug'             # tek.sdet.framework.steps.HomeSteps.userSearchForAnItem(java.lang.String)
 INFO [main] (HomeSteps.java:118)- User clicked on search Button
  And User click on Search icon                                     # tek.sdet.framework.steps.HomeSteps.userClickOnSearchIcon()
 INFO [main] (HomeSteps.java:126)- user clicked on product
  And User click on item                                            # tek.sdet.framework.steps.HomeSteps.userClickOnItem()
 INFO [main] (HomeSteps.java:136)- User selected the required quantity
  And User select quantity â€˜2â€™                                      # tek.sdet.framework.steps.HomeSteps.userSelectQuantity(java.lang.Integer)
 INFO [main] (HomeSteps.java:143)- User Clicked on add to cart btn
  And User click add to Cart button                                 # tek.sdet.framework.steps.HomeSteps.userClickAddToCartButton()
 INFO [main] (HomeSteps.java:149)- The cart quantity changed to expected selection
  Then the cart icon quantity should change to â€˜2â€™                  # tek.sdet.framework.steps.HomeSteps.theCartIconQuantityShouldChangeTo(java.lang.Integer)
]]></system-out>
    <system-err><![CDATA[Starting Microsoft Edge WebDriver 110.0.1587.69 (f970cc122bfe683a1917444c8c3ba299b94f7ec8) on port 54916
To submit feedback, report a bug, or suggest new features, please visit https://github.com/MicrosoftEdge/EdgeWebDriver

Only local connections are allowed.
Please see https://aka.ms/WebDriverSecurity for suggestions on keeping Microsoft Edge WebDriver safe.

Microsoft Edge WebDriver was started successfully.
[1678767900.334][WARNING]: This version of Microsoft Edge WebDriver has not been tested with Microsoft Edge version 111.
[1678767900.362][WARNING]: virtual void DevToolsClientImpl::AddListener(DevToolsEventListener *) subscribing a listener to the already connected DevToolsClient. Connection notification will not arrive.
Mar 14, 2023 12:25:00 AM org.openqa.selenium.remote.ProtocolHandshake createSession
INFO: Detected upstream dialect: W3C
Mar 14, 2023 12:25:00 AM org.openqa.selenium.devtools.CdpVersionFinder findNearestMatch
WARNING: Unable to find an exact match for CDP version 111, so returning the closest version found: a no-op implementation
Mar 14, 2023 12:25:00 AM org.openqa.selenium.devtools.CdpVersionFinder findNearestMatch
INFO: Unable to find CDP implementation matching 111.
Mar 14, 2023 12:25:00 AM org.openqa.selenium.chromium.ChromiumDriver lambda$new$3
WARNING: Unable to find version of CDP to use for . You may need to include a dependency on a specific version of the CDP using something similar to `org.seleniumhq.selenium:selenium-devtools-v86:4.4.0` where the version ("v86") matches the version of the chromium-based browser you're using and the version number of the artifact is the same as Selenium's.
]]></system-err>
  </testcase>
  <testcase name="Verify User can place an order without Shipping address and payment Method on file" classname="Retail Home Page" time="24.043">
    <system-out><![CDATA[
@smokeTest
Scenario: Verify User can place an order without Shipping address and payment Method on file # features/Home.feature:44
 INFO [main] (HomeSteps.java:24)- user is on retail website
 INFO [main] (HomeSteps.java:25)- Actual Title React App Equals  ExpectedTitle React App
  Given User is on retail website                                                            # tek.sdet.framework.steps.HomeSteps.userIsOnRetailWebsite()
 INFO [main] (SignInSteps.java:23)- user clicked on sign in option
  When User click on Sign in option                                                          # tek.sdet.framework.steps.SignInSteps.userClickOnSignInBtn()
 INFO [main] (SignInSteps.java:30)- User Entered email qaTester@gmail.comuser Entered password Tek@1234
  And User enter email 'qaTester@gmail.com' and password 'Tek@1234'                          # tek.sdet.framework.steps.SignInSteps.userEnterEmailAndPassword(java.lang.String,java.lang.String)
 INFO [main] (SignInSteps.java:37)- Login button is enabled
  When User click on login button                                                            # tek.sdet.framework.steps.SignInSteps.userClickOnLoginButton()
  And User should be logged in into Account                                                  # tek.sdet.framework.steps.SignInSteps.userShouldBeLoggedInintoAccount()
 INFO [main] (HomeSteps.java:104)- User change the category to Smart Home
  And User change the category to 'Smart Home'                                               # tek.sdet.framework.steps.HomeSteps.userChangeTheCategoryTo(java.lang.String)
 INFO [main] (HomeSteps.java:111)- Expected inpurt inserted kasa outdoor smart plug
  And User search for an item 'kasa outdoor smart plug'                                      # tek.sdet.framework.steps.HomeSteps.userSearchForAnItem(java.lang.String)
 INFO [main] (HomeSteps.java:118)- User clicked on search Button
  And User click on Search icon                                                              # tek.sdet.framework.steps.HomeSteps.userClickOnSearchIcon()
 INFO [main] (HomeSteps.java:126)- user clicked on product
  And User click on item                                                                     # tek.sdet.framework.steps.HomeSteps.userClickOnItem()
 INFO [main] (HomeSteps.java:136)- User selected the required quantity
  And User select quantity â€˜2â€™                                                               # tek.sdet.framework.steps.HomeSteps.userSelectQuantity(java.lang.Integer)
 INFO [main] (HomeSteps.java:143)- User Clicked on add to cart btn
  And User click add to Cart button                                                          # tek.sdet.framework.steps.HomeSteps.userClickAddToCartButton()
 INFO [main] (HomeSteps.java:149)- The cart quantity changed to expected selection
  Then the cart icon quantity should change to â€˜2â€™                                           # tek.sdet.framework.steps.HomeSteps.theCartIconQuantityShouldChangeTo(java.lang.Integer)
 INFO [main] (HomeSteps.java:155)- User clicked on add to cart option
  And User click on Cart option                                                              # tek.sdet.framework.steps.HomeSteps.userClickOnCartOption()
 INFO [main] (HomeSteps.java:162)- User clicked on proceed to checkout button
  And User click on Proceed to Checkout button                                               # tek.sdet.framework.steps.HomeSteps.userClickOnProceedToCheckoutButton()
 INFO [main] (HomeSteps.java:169)- user clicked add new address link for shipping address
  And User click Add a new address link for shipping address                                 # tek.sdet.framework.steps.HomeSteps.userClickAddANewAddressLinkForShippingAddress()
 INFO [main] (HomeSteps.java:184)- User entered address into required field
  And User fill new address form with below information                                      # tek.sdet.framework.steps.HomeSteps.userFillNewAddressFormWithBelowInformation(io.cucumber.datatable.DataTable)
    | country | fullName | phoneNumber | streetAddress | apt  | city       | state   | zipCode |
    | Canada  | TestSab  | 6478942525  | 20 victoria   | 1702 | north york | ontario | 45257   |
 INFO [main] (RetailAcountSteps.java:198)- User click Add Your Address button
  And User click Add Your Address button                                                     # tek.sdet.framework.steps.RetailAcountSteps.userClickAddYourAddressButton()
 INFO [main] (HomeSteps.java:193)- User clicked om Add a Credit Card or Debit Card button
  And User click Add a credit card or Debit Card for Payment method                          # tek.sdet.framework.steps.HomeSteps.userClickAddACreditCardOrDebitCardForPaymentMethod()
 INFO [main] (RetailAcountSteps.java:93)- User filled Debit or credit card information
  And User fill Debit or credit card information                                             # tek.sdet.framework.steps.RetailAcountSteps.userFillDebitOrCreditCardInformation(io.cucumber.datatable.DataTable)
    | cardNumber       | nameOnCard | expirationMonth | expirationYear | securityCode |
    | 5488726485477280 | TekCard    | 05              | 2024           | 452          |
 INFO [main] (RetailAcountSteps.java:99)- User clicked on add your card button
  And User click on Add your card button                                                     # tek.sdet.framework.steps.RetailAcountSteps.userClickOnAddYourCardButton()
 INFO [main] (HomeSteps.java:201)- User clicked on Place Your Order
  And User click on Place Your Order                                                         # tek.sdet.framework.steps.HomeSteps.userClickOnPlaceYourOrder()
 INFO [main] (HomeSteps.java:209)- Order Successfully Message displayed
  Then a message should be displayed â€˜Order Placed, Thanksâ€™                                  # tek.sdet.framework.steps.HomeSteps.aMessageShouldBeDisplayedOrderPlacedThanks()
]]></system-out>
    <system-err><![CDATA[Starting Microsoft Edge WebDriver 110.0.1587.69 (f970cc122bfe683a1917444c8c3ba299b94f7ec8) on port 64345
To submit feedback, report a bug, or suggest new features, please visit https://github.com/MicrosoftEdge/EdgeWebDriver

Only local connections are allowed.
Please see https://aka.ms/WebDriverSecurity for suggestions on keeping Microsoft Edge WebDriver safe.

Microsoft Edge WebDriver was started successfully.
[1678767914.179][WARNING]: This version of Microsoft Edge WebDriver has not been tested with Microsoft Edge version 111.
[1678767914.188][WARNING]: virtual void DevToolsClientImpl::AddListener(DevToolsEventListener *) subscribing a listener to the already connected DevToolsClient. Connection notification will not arrive.
Mar 14, 2023 12:25:14 AM org.openqa.selenium.remote.ProtocolHandshake createSession
INFO: Detected upstream dialect: W3C
Mar 14, 2023 12:25:14 AM org.openqa.selenium.devtools.CdpVersionFinder findNearestMatch
WARNING: Unable to find an exact match for CDP version 111, so returning the closest version found: a no-op implementation
Mar 14, 2023 12:25:14 AM org.openqa.selenium.devtools.CdpVersionFinder findNearestMatch
INFO: Unable to find CDP implementation matching 111.
Mar 14, 2023 12:25:14 AM org.openqa.selenium.chromium.ChromiumDriver lambda$new$3
WARNING: Unable to find version of CDP to use for . You may need to include a dependency on a specific version of the CDP using something similar to `org.seleniumhq.selenium:selenium-devtools-v86:4.4.0` where the version ("v86") matches the version of the chromium-based browser you're using and the version number of the artifact is the same as Selenium's.
]]></system-err>
  </testcase>
  <testcase name="Verify User can place an order with Shipping address and payment Method on file" classname="Retail Home Page" time="18.76">
    <system-out><![CDATA[
@smokeTest
Scenario: Verify User can place an order with Shipping address and payment Method on file # features/Home.feature:72
 INFO [main] (HomeSteps.java:24)- user is on retail website
 INFO [main] (HomeSteps.java:25)- Actual Title React App Equals  ExpectedTitle React App
  Given User is on retail website                                                         # tek.sdet.framework.steps.HomeSteps.userIsOnRetailWebsite()
 INFO [main] (SignInSteps.java:23)- user clicked on sign in option
  When User click on Sign in option                                                       # tek.sdet.framework.steps.SignInSteps.userClickOnSignInBtn()
 INFO [main] (SignInSteps.java:30)- User Entered email qaTester@gmail.comuser Entered password Tek@1234
  And User enter email 'qaTester@gmail.com' and password 'Tek@1234'                       # tek.sdet.framework.steps.SignInSteps.userEnterEmailAndPassword(java.lang.String,java.lang.String)
 INFO [main] (SignInSteps.java:37)- Login button is enabled
  When User click on login button                                                         # tek.sdet.framework.steps.SignInSteps.userClickOnLoginButton()
  And User should be logged in into Account                                               # tek.sdet.framework.steps.SignInSteps.userShouldBeLoggedInintoAccount()
 INFO [main] (HomeSteps.java:216)- User changed the category to Electronics
  And User change the category to Electronics                                             # tek.sdet.framework.steps.HomeSteps.userChangeTheCategoryToElectronics()
 INFO [main] (HomeSteps.java:111)- Expected inpurt inserted Apex Legends
  And User search for an item 'Apex Legends'                                              # tek.sdet.framework.steps.HomeSteps.userSearchForAnItem(java.lang.String)
 INFO [main] (HomeSteps.java:118)- User clicked on search Button
  And User click on Search icon                                                           # tek.sdet.framework.steps.HomeSteps.userClickOnSearchIcon()
 INFO [main] (HomeSteps.java:126)- user clicked on product
  And User click on item                                                                  # tek.sdet.framework.steps.HomeSteps.userClickOnItem()
 INFO [main] (HomeSteps.java:136)- User selected the required quantity
  And User select quantity â€˜5â€™                                                            # tek.sdet.framework.steps.HomeSteps.userSelectQuantity(java.lang.Integer)
 INFO [main] (HomeSteps.java:143)- User Clicked on add to cart btn
  And User click add to Cart button                                                       # tek.sdet.framework.steps.HomeSteps.userClickAddToCartButton()
 INFO [main] (HomeSteps.java:149)- The cart quantity changed to expected selection
  Then the cart icon quantity should change to â€˜5â€™                                        # tek.sdet.framework.steps.HomeSteps.theCartIconQuantityShouldChangeTo(java.lang.Integer)
 INFO [main] (HomeSteps.java:155)- User clicked on add to cart option
  And User click on Cart option                                                           # tek.sdet.framework.steps.HomeSteps.userClickOnCartOption()
 INFO [main] (HomeSteps.java:162)- User clicked on proceed to checkout button
  And User click on Proceed to Checkout button                                            # tek.sdet.framework.steps.HomeSteps.userClickOnProceedToCheckoutButton()
 INFO [main] (HomeSteps.java:201)- User clicked on Place Your Order
  And User click on Place Your Order                                                      # tek.sdet.framework.steps.HomeSteps.userClickOnPlaceYourOrder()
 INFO [main] (HomeSteps.java:209)- Order Successfully Message displayed
  Then a message should be displayed â€˜Order Placed, Thanksâ€™                               # tek.sdet.framework.steps.HomeSteps.aMessageShouldBeDisplayedOrderPlacedThanks()
]]></system-out>
    <system-err><![CDATA[Starting Microsoft Edge WebDriver 110.0.1587.69 (f970cc122bfe683a1917444c8c3ba299b94f7ec8) on port 55881
To submit feedback, report a bug, or suggest new features, please visit https://github.com/MicrosoftEdge/EdgeWebDriver

Only local connections are allowed.
Please see https://aka.ms/WebDriverSecurity for suggestions on keeping Microsoft Edge WebDriver safe.

Microsoft Edge WebDriver was started successfully.
[1678767938.465][WARNING]: This version of Microsoft Edge WebDriver has not been tested with Microsoft Edge version 111.
[1678767938.499][WARNING]: virtual void DevToolsClientImpl::AddListener(DevToolsEventListener *) subscribing a listener to the already connected DevToolsClient. Connection notification will not arrive.
Mar 14, 2023 12:25:38 AM org.openqa.selenium.remote.ProtocolHandshake createSession
INFO: Detected upstream dialect: W3C
Mar 14, 2023 12:25:38 AM org.openqa.selenium.devtools.CdpVersionFinder findNearestMatch
WARNING: Unable to find an exact match for CDP version 111, so returning the closest version found: a no-op implementation
Mar 14, 2023 12:25:38 AM org.openqa.selenium.devtools.CdpVersionFinder findNearestMatch
INFO: Unable to find CDP implementation matching 111.
Mar 14, 2023 12:25:38 AM org.openqa.selenium.chromium.ChromiumDriver lambda$new$3
WARNING: Unable to find version of CDP to use for . You may need to include a dependency on a specific version of the CDP using something similar to `org.seleniumhq.selenium:selenium-devtools-v86:4.4.0` where the version ("v86") matches the version of the chromium-based browser you're using and the version number of the artifact is the same as Selenium's.
]]></system-err>
  </testcase>
  <testcase name="Verify User can update Profile Information" classname="Retail Account Page" time="14.311">
    <system-out><![CDATA[
@smokeTest
Scenario: Verify User can update Profile Information                # features/RetailAccount.feature:4
 INFO [main] (HomeSteps.java:24)- user is on retail website
 INFO [main] (HomeSteps.java:25)- Actual Title React App Equals  ExpectedTitle React App
  Given User is on retail website                                   # tek.sdet.framework.steps.HomeSteps.userIsOnRetailWebsite()
 INFO [main] (SignInSteps.java:23)- user clicked on sign in option
  When User click on Sign in option                                 # tek.sdet.framework.steps.SignInSteps.userClickOnSignInBtn()
 INFO [main] (SignInSteps.java:30)- User Entered email qaTester@gmail.comuser Entered password Tek@1234
  And User enter email 'qaTester@gmail.com' and password 'Tek@1234' # tek.sdet.framework.steps.SignInSteps.userEnterEmailAndPassword(java.lang.String,java.lang.String)
 INFO [main] (SignInSteps.java:37)- Login button is enabled
  And User click on login button                                    # tek.sdet.framework.steps.SignInSteps.userClickOnLoginButton()
  And User should be logged in into Account                         # tek.sdet.framework.steps.SignInSteps.userShouldBeLoggedInintoAccount()
 INFO [main] (RetailAcountSteps.java:21)- User clicked on Account Button
  When User click on Account option                                 # tek.sdet.framework.steps.RetailAcountSteps.user_click_on_account_option()
 INFO [main] (RetailAcountSteps.java:32)- User Entered the required values
  And User update Name and Phone                                    # tek.sdet.framework.steps.RetailAcountSteps.userUpdateNameAndPhoneValue(io.cucumber.datatable.DataTable)
    | name    | phone number |
    | TestSab | 9193756678   |
 INFO [main] (RetailAcountSteps.java:41)- User clicked on update button
  And User click on Update button                                   # tek.sdet.framework.steps.RetailAcountSteps.user_click_on_update_button()
 INFO [main] (RetailAcountSteps.java:49)- user profile information should be updated
  Then user profile information should be updated                   # tek.sdet.framework.steps.RetailAcountSteps.user_profile_information_should_be_updated()
]]></system-out>
    <system-err><![CDATA[Starting Microsoft Edge WebDriver 110.0.1587.69 (f970cc122bfe683a1917444c8c3ba299b94f7ec8) on port 63234
To submit feedback, report a bug, or suggest new features, please visit https://github.com/MicrosoftEdge/EdgeWebDriver

Only local connections are allowed.
Please see https://aka.ms/WebDriverSecurity for suggestions on keeping Microsoft Edge WebDriver safe.

Microsoft Edge WebDriver was started successfully.
[1678767957.107][WARNING]: This version of Microsoft Edge WebDriver has not been tested with Microsoft Edge version 111.
[1678767957.148][WARNING]: virtual void DevToolsClientImpl::AddListener(DevToolsEventListener *) subscribing a listener to the already connected DevToolsClient. Connection notification will not arrive.
Mar 14, 2023 12:25:57 AM org.openqa.selenium.remote.ProtocolHandshake createSession
INFO: Detected upstream dialect: W3C
Mar 14, 2023 12:25:57 AM org.openqa.selenium.devtools.CdpVersionFinder findNearestMatch
WARNING: Unable to find an exact match for CDP version 111, so returning the closest version found: a no-op implementation
Mar 14, 2023 12:25:57 AM org.openqa.selenium.devtools.CdpVersionFinder findNearestMatch
INFO: Unable to find CDP implementation matching 111.
Mar 14, 2023 12:25:57 AM org.openqa.selenium.chromium.ChromiumDriver lambda$new$3
WARNING: Unable to find version of CDP to use for . You may need to include a dependency on a specific version of the CDP using something similar to `org.seleniumhq.selenium:selenium-devtools-v86:4.4.0` where the version ("v86") matches the version of the chromium-based browser you're using and the version number of the artifact is the same as Selenium's.
]]></system-err>
  </testcase>
  <testcase name="Verify User can Update password" classname="Retail Account Page" time="15.349">
    <system-out><![CDATA[
@smokeTest
Scenario: Verify User can Update password                             # features/RetailAccount.feature:17
 INFO [main] (HomeSteps.java:24)- user is on retail website
 INFO [main] (HomeSteps.java:25)- Actual Title React App Equals  ExpectedTitle React App
  Given User is on retail website                                     # tek.sdet.framework.steps.HomeSteps.userIsOnRetailWebsite()
 INFO [main] (SignInSteps.java:23)- user clicked on sign in option
  When User click on Sign in option                                   # tek.sdet.framework.steps.SignInSteps.userClickOnSignInBtn()
 INFO [main] (SignInSteps.java:30)- User Entered email saboor12@gmail.comuser Entered password Salam@1234
  And User enter email 'saboor12@gmail.com' and password 'Salam@1234' # tek.sdet.framework.steps.SignInSteps.userEnterEmailAndPassword(java.lang.String,java.lang.String)
 INFO [main] (SignInSteps.java:37)- Login button is enabled
  And User click on login button                                      # tek.sdet.framework.steps.SignInSteps.userClickOnLoginButton()
  And User should be logged in into Account                           # tek.sdet.framework.steps.SignInSteps.userShouldBeLoggedInintoAccount()
 INFO [main] (RetailAcountSteps.java:21)- User clicked on Account Button
  And User click on Account option                                    # tek.sdet.framework.steps.RetailAcountSteps.user_click_on_account_option()
 INFO [main] (RetailAcountSteps.java:58)- User entered required information
  And User enter below information                                    # tek.sdet.framework.steps.RetailAcountSteps.user_enter_below_information(io.cucumber.datatable.DataTable)
    | previousPassword | newPassword | confirmPassword |
    | Salam@1234       | Tek@1234    | Tek@1234        |
 INFO [main] (RetailAcountSteps.java:66)- User clicked on Change Password button
  And User click on Change Password button                            # tek.sdet.framework.steps.RetailAcountSteps.user_click_on_change_password_button()
 INFO [main] (RetailAcountSteps.java:74)- a message should be displayed ‘Password Updated Successfully’
  Then a message should be displayed â€˜Password Updated Successfullyâ€™  # tek.sdet.framework.steps.RetailAcountSteps.a_message_should_be_displayed_password_updated_successfully()
]]></system-out>
    <system-err><![CDATA[Starting Microsoft Edge WebDriver 110.0.1587.69 (f970cc122bfe683a1917444c8c3ba299b94f7ec8) on port 60647
To submit feedback, report a bug, or suggest new features, please visit https://github.com/MicrosoftEdge/EdgeWebDriver

Only local connections are allowed.
Please see https://aka.ms/WebDriverSecurity for suggestions on keeping Microsoft Edge WebDriver safe.

Microsoft Edge WebDriver was started successfully.
[1678767971.379][WARNING]: This version of Microsoft Edge WebDriver has not been tested with Microsoft Edge version 111.
[1678767971.405][WARNING]: virtual void DevToolsClientImpl::AddListener(DevToolsEventListener *) subscribing a listener to the already connected DevToolsClient. Connection notification will not arrive.
Mar 14, 2023 12:26:11 AM org.openqa.selenium.remote.ProtocolHandshake createSession
INFO: Detected upstream dialect: W3C
Mar 14, 2023 12:26:11 AM org.openqa.selenium.devtools.CdpVersionFinder findNearestMatch
WARNING: Unable to find an exact match for CDP version 111, so returning the closest version found: a no-op implementation
Mar 14, 2023 12:26:11 AM org.openqa.selenium.devtools.CdpVersionFinder findNearestMatch
INFO: Unable to find CDP implementation matching 111.
Mar 14, 2023 12:26:11 AM org.openqa.selenium.chromium.ChromiumDriver lambda$new$3
WARNING: Unable to find version of CDP to use for . You may need to include a dependency on a specific version of the CDP using something similar to `org.seleniumhq.selenium:selenium-devtools-v86:4.4.0` where the version ("v86") matches the version of the chromium-based browser you're using and the version number of the artifact is the same as Selenium's.
]]></system-err>
  </testcase>
  <testcase name="Verify User can add a payment method" classname="Retail Account Page" time="13.958">
    <system-out><![CDATA[
@smokeTest
Scenario: Verify User can add a payment method                           # features/RetailAccount.feature:30
 INFO [main] (HomeSteps.java:24)- user is on retail website
 INFO [main] (HomeSteps.java:25)- Actual Title React App Equals  ExpectedTitle React App
  Given User is on retail website                                        # tek.sdet.framework.steps.HomeSteps.userIsOnRetailWebsite()
 INFO [main] (SignInSteps.java:23)- user clicked on sign in option
  When User click on Sign in option                                      # tek.sdet.framework.steps.SignInSteps.userClickOnSignInBtn()
 INFO [main] (SignInSteps.java:30)- User Entered email qaTester@gmail.comuser Entered password Tek@1234
  And User enter email 'qaTester@gmail.com' and password 'Tek@1234'      # tek.sdet.framework.steps.SignInSteps.userEnterEmailAndPassword(java.lang.String,java.lang.String)
 INFO [main] (SignInSteps.java:37)- Login button is enabled
  And User click on login button                                         # tek.sdet.framework.steps.SignInSteps.userClickOnLoginButton()
  And User should be logged in into Account                              # tek.sdet.framework.steps.SignInSteps.userShouldBeLoggedInintoAccount()
 INFO [main] (RetailAcountSteps.java:21)- User clicked on Account Button
  And User click on Account option                                       # tek.sdet.framework.steps.RetailAcountSteps.user_click_on_account_option()
 INFO [main] (RetailAcountSteps.java:81)- User clicked on add a payment method link
  And User click on Add a payment method link                            # tek.sdet.framework.steps.RetailAcountSteps.userClickOnAddAPaymentMethodLink()
 INFO [main] (RetailAcountSteps.java:93)- User filled Debit or credit card information
  And User fill Debit or credit card information                         # tek.sdet.framework.steps.RetailAcountSteps.userFillDebitOrCreditCardInformation(io.cucumber.datatable.DataTable)
    | cardNumber       | nameOnCard | expirationMonth | expirationYear | securityCode |
    | 5488726485473593 | TekCard    | 05              | 2024           | 452          |
 INFO [main] (RetailAcountSteps.java:99)- User clicked on add your card button
  And User click on Add your card button                                 # tek.sdet.framework.steps.RetailAcountSteps.userClickOnAddYourCardButton()
 INFO [main] (RetailAcountSteps.java:112)- a message should be displayed ‘Payment Method added successfully’
  Then a message should be displayed â€˜Payment Method added successfullyâ€™ # tek.sdet.framework.steps.RetailAcountSteps.aMessageShouldBeDisplayedPaymentMethodAddedSuccessfully()
]]></system-out>
    <system-err><![CDATA[Starting Microsoft Edge WebDriver 110.0.1587.69 (f970cc122bfe683a1917444c8c3ba299b94f7ec8) on port 58131
To submit feedback, report a bug, or suggest new features, please visit https://github.com/MicrosoftEdge/EdgeWebDriver

Only local connections are allowed.
Please see https://aka.ms/WebDriverSecurity for suggestions on keeping Microsoft Edge WebDriver safe.

Microsoft Edge WebDriver was started successfully.
[1678767986.726][WARNING]: This version of Microsoft Edge WebDriver has not been tested with Microsoft Edge version 111.
[1678767986.741][WARNING]: virtual void DevToolsClientImpl::AddListener(DevToolsEventListener *) subscribing a listener to the already connected DevToolsClient. Connection notification will not arrive.
Mar 14, 2023 12:26:26 AM org.openqa.selenium.remote.ProtocolHandshake createSession
INFO: Detected upstream dialect: W3C
Mar 14, 2023 12:26:26 AM org.openqa.selenium.devtools.CdpVersionFinder findNearestMatch
WARNING: Unable to find an exact match for CDP version 111, so returning the closest version found: a no-op implementation
Mar 14, 2023 12:26:26 AM org.openqa.selenium.devtools.CdpVersionFinder findNearestMatch
INFO: Unable to find CDP implementation matching 111.
Mar 14, 2023 12:26:26 AM org.openqa.selenium.chromium.ChromiumDriver lambda$new$3
WARNING: Unable to find version of CDP to use for . You may need to include a dependency on a specific version of the CDP using something similar to `org.seleniumhq.selenium:selenium-devtools-v86:4.4.0` where the version ("v86") matches the version of the chromium-based browser you're using and the version number of the artifact is the same as Selenium's.
]]></system-err>
  </testcase>
  <testcase name="Verify User can edit Debit or Credit card" classname="Retail Account Page" time="15.425">
    <system-out><![CDATA[
@smokeTest
Scenario: Verify User can edit Debit or Credit card                        # features/RetailAccount.feature:44
 INFO [main] (HomeSteps.java:24)- user is on retail website
 INFO [main] (HomeSteps.java:25)- Actual Title React App Equals  ExpectedTitle React App
  Given User is on retail website                                          # tek.sdet.framework.steps.HomeSteps.userIsOnRetailWebsite()
 INFO [main] (SignInSteps.java:23)- user clicked on sign in option
  When User click on Sign in option                                        # tek.sdet.framework.steps.SignInSteps.userClickOnSignInBtn()
 INFO [main] (SignInSteps.java:30)- User Entered email qaTester@gmail.comuser Entered password Tek@1234
  And User enter email 'qaTester@gmail.com' and password 'Tek@1234'        # tek.sdet.framework.steps.SignInSteps.userEnterEmailAndPassword(java.lang.String,java.lang.String)
 INFO [main] (SignInSteps.java:37)- Login button is enabled
  And User click on login button                                           # tek.sdet.framework.steps.SignInSteps.userClickOnLoginButton()
  And User should be logged in into Account                                # tek.sdet.framework.steps.SignInSteps.userShouldBeLoggedInintoAccount()
 INFO [main] (RetailAcountSteps.java:21)- User clicked on Account Button
  And User click on Account option                                         # tek.sdet.framework.steps.RetailAcountSteps.user_click_on_account_option()
 INFO [main] (RetailAcountSteps.java:120)- User clicked on Edit option of card section
  And User click on Edit option of card section                            # tek.sdet.framework.steps.RetailAcountSteps.userClickOnEditOptionOfCardSection()
 INFO [main] (RetailAcountSteps.java:134)- user successfully edited information with required data
  And user edit information with below data                                # tek.sdet.framework.steps.RetailAcountSteps.userEditInformationWithBelowData(io.cucumber.datatable.DataTable)
    | cardNumber       | nameOnCard | expirationMonth | expirationYear | securityCode |
    | 5488726485479028 | TekCard    | 12              | 2026           | 644          |
 INFO [main] (RetailAcountSteps.java:141)- user clicked on Update Your Card button
  And user click on Update Your Card button                                # tek.sdet.framework.steps.RetailAcountSteps.userClickOnUpdateYourCardButton()
 INFO [main] (RetailAcountSteps.java:149)- a message should be displayed ‘Payment Method updated Successfully’
  Then a message should be displayed â€˜Payment Method updated Successfullyâ€™ # tek.sdet.framework.steps.RetailAcountSteps.aMessageShouldBeDisplayedPaymentMethodUpdatedSuccessfully()
]]></system-out>
    <system-err><![CDATA[Starting Microsoft Edge WebDriver 110.0.1587.69 (f970cc122bfe683a1917444c8c3ba299b94f7ec8) on port 49823
To submit feedback, report a bug, or suggest new features, please visit https://github.com/MicrosoftEdge/EdgeWebDriver

Only local connections are allowed.
Please see https://aka.ms/WebDriverSecurity for suggestions on keeping Microsoft Edge WebDriver safe.

Microsoft Edge WebDriver was started successfully.
[1678768000.792][WARNING]: This version of Microsoft Edge WebDriver has not been tested with Microsoft Edge version 111.
[1678768000.803][WARNING]: virtual void DevToolsClientImpl::AddListener(DevToolsEventListener *) subscribing a listener to the already connected DevToolsClient. Connection notification will not arrive.
Mar 14, 2023 12:26:40 AM org.openqa.selenium.remote.ProtocolHandshake createSession
INFO: Detected upstream dialect: W3C
Mar 14, 2023 12:26:40 AM org.openqa.selenium.devtools.CdpVersionFinder findNearestMatch
WARNING: Unable to find an exact match for CDP version 111, so returning the closest version found: a no-op implementation
Mar 14, 2023 12:26:40 AM org.openqa.selenium.devtools.CdpVersionFinder findNearestMatch
INFO: Unable to find CDP implementation matching 111.
Mar 14, 2023 12:26:40 AM org.openqa.selenium.chromium.ChromiumDriver lambda$new$3
WARNING: Unable to find version of CDP to use for . You may need to include a dependency on a specific version of the CDP using something similar to `org.seleniumhq.selenium:selenium-devtools-v86:4.4.0` where the version ("v86") matches the version of the chromium-based browser you're using and the version number of the artifact is the same as Selenium's.
]]></system-err>
  </testcase>
  <testcase name="Verify User can remove Debit or Credit card" classname="Retail Account Page" time="17.546">
    <system-out><![CDATA[
@smokeTest
Scenario: Verify User can remove Debit or Credit card               # features/RetailAccount.feature:58
 INFO [main] (HomeSteps.java:24)- user is on retail website
 INFO [main] (HomeSteps.java:25)- Actual Title React App Equals  ExpectedTitle React App
  Given User is on retail website                                   # tek.sdet.framework.steps.HomeSteps.userIsOnRetailWebsite()
 INFO [main] (SignInSteps.java:23)- user clicked on sign in option
  When User click on Sign in option                                 # tek.sdet.framework.steps.SignInSteps.userClickOnSignInBtn()
 INFO [main] (SignInSteps.java:30)- User Entered email qaTester@gmail.comuser Entered password Tek@1234
  And User enter email 'qaTester@gmail.com' and password 'Tek@1234' # tek.sdet.framework.steps.SignInSteps.userEnterEmailAndPassword(java.lang.String,java.lang.String)
 INFO [main] (SignInSteps.java:37)- Login button is enabled
  And User click on login button                                    # tek.sdet.framework.steps.SignInSteps.userClickOnLoginButton()
  And User should be logged in into Account                         # tek.sdet.framework.steps.SignInSteps.userShouldBeLoggedInintoAccount()
 INFO [main] (RetailAcountSteps.java:21)- User clicked on Account Button
  And User click on Account option                                  # tek.sdet.framework.steps.RetailAcountSteps.user_click_on_account_option()
 INFO [main] (RetailAcountSteps.java:157)- User clicked on remove option of card section
  And User click on remove option of card section                   # tek.sdet.framework.steps.RetailAcountSteps.userClickOnRemoveOptionOfCardSection()
 INFO [main] (RetailAcountSteps.java:164)- payment details should be removed
  Then payment details should be removed                            # tek.sdet.framework.steps.RetailAcountSteps.paymentDetailsShouldBeRemoved()
]]></system-out>
    <system-err><![CDATA[Starting Microsoft Edge WebDriver 110.0.1587.69 (f970cc122bfe683a1917444c8c3ba299b94f7ec8) on port 60184
To submit feedback, report a bug, or suggest new features, please visit https://github.com/MicrosoftEdge/EdgeWebDriver

Only local connections are allowed.
Please see https://aka.ms/WebDriverSecurity for suggestions on keeping Microsoft Edge WebDriver safe.

Microsoft Edge WebDriver was started successfully.
[1678768015.999][WARNING]: This version of Microsoft Edge WebDriver has not been tested with Microsoft Edge version 111.
[1678768016.009][WARNING]: virtual void DevToolsClientImpl::AddListener(DevToolsEventListener *) subscribing a listener to the already connected DevToolsClient. Connection notification will not arrive.
Mar 14, 2023 12:26:56 AM org.openqa.selenium.remote.ProtocolHandshake createSession
INFO: Detected upstream dialect: W3C
Mar 14, 2023 12:26:56 AM org.openqa.selenium.devtools.CdpVersionFinder findNearestMatch
WARNING: Unable to find an exact match for CDP version 111, so returning the closest version found: a no-op implementation
Mar 14, 2023 12:26:56 AM org.openqa.selenium.devtools.CdpVersionFinder findNearestMatch
INFO: Unable to find CDP implementation matching 111.
Mar 14, 2023 12:26:56 AM org.openqa.selenium.chromium.ChromiumDriver lambda$new$3
WARNING: Unable to find version of CDP to use for . You may need to include a dependency on a specific version of the CDP using something similar to `org.seleniumhq.selenium:selenium-devtools-v86:4.4.0` where the version ("v86") matches the version of the chromium-based browser you're using and the version number of the artifact is the same as Selenium's.
]]></system-err>
  </testcase>
  <testcase name="Verify User can add an Address" classname="Retail Account Page" time="16.281">
    <system-out><![CDATA[
@smokeTest
Scenario: Verify User can add an Address                            # features/RetailAccount.feature:68
 INFO [main] (HomeSteps.java:24)- user is on retail website
 INFO [main] (HomeSteps.java:25)- Actual Title React App Equals  ExpectedTitle React App
  Given User is on retail website                                   # tek.sdet.framework.steps.HomeSteps.userIsOnRetailWebsite()
 INFO [main] (SignInSteps.java:23)- user clicked on sign in option
  When User click on Sign in option                                 # tek.sdet.framework.steps.SignInSteps.userClickOnSignInBtn()
 INFO [main] (SignInSteps.java:30)- User Entered email qaTester@gmail.comuser Entered password Tek@1234
  And User enter email 'qaTester@gmail.com' and password 'Tek@1234' # tek.sdet.framework.steps.SignInSteps.userEnterEmailAndPassword(java.lang.String,java.lang.String)
 INFO [main] (SignInSteps.java:37)- Login button is enabled
  And User click on login button                                    # tek.sdet.framework.steps.SignInSteps.userClickOnLoginButton()
  And User should be logged in into Account                         # tek.sdet.framework.steps.SignInSteps.userShouldBeLoggedInintoAccount()
 INFO [main] (RetailAcountSteps.java:21)- User clicked on Account Button
  And User click on Account option                                  # tek.sdet.framework.steps.RetailAcountSteps.user_click_on_account_option()
 INFO [main] (RetailAcountSteps.java:171)- User clicked on Add address option
  And User click on Add address option                              # tek.sdet.framework.steps.RetailAcountSteps.userClickOnAddAddressOption()
 INFO [main] (RetailAcountSteps.java:192)- user filled new address form with below information
  And user fill new address form with below information             # tek.sdet.framework.steps.RetailAcountSteps.userFillNewAddressFormWithBelowInformation(io.cucumber.datatable.DataTable)
    | country | fullName | phoneNumber | streetAddress     | apt  | city       | state   | zipCode |
    | Canada  | TekTest  | 6472543277  | 201 Van Horne Ave | 1782 | North York | Ontario | 49875   |
 INFO [main] (RetailAcountSteps.java:198)- User click Add Your Address button
  And User click Add Your Address button                            # tek.sdet.framework.steps.RetailAcountSteps.userClickAddYourAddressButton()
 INFO [main] (RetailAcountSteps.java:205)- a message should be displayed ‘Address Added Successfully’
  Then a message should be displayed â€˜Address Added Successfullyâ€™   # tek.sdet.framework.steps.RetailAcountSteps.aMessageShouldBeDisplayedAddressAddedSuccessfully()
]]></system-out>
    <system-err><![CDATA[Starting Microsoft Edge WebDriver 110.0.1587.69 (f970cc122bfe683a1917444c8c3ba299b94f7ec8) on port 62297
To submit feedback, report a bug, or suggest new features, please visit https://github.com/MicrosoftEdge/EdgeWebDriver

Only local connections are allowed.
Please see https://aka.ms/WebDriverSecurity for suggestions on keeping Microsoft Edge WebDriver safe.

Microsoft Edge WebDriver was started successfully.
[1678768033.494][WARNING]: This version of Microsoft Edge WebDriver has not been tested with Microsoft Edge version 111.
[1678768033.505][WARNING]: virtual void DevToolsClientImpl::AddListener(DevToolsEventListener *) subscribing a listener to the already connected DevToolsClient. Connection notification will not arrive.
Mar 14, 2023 12:27:13 AM org.openqa.selenium.remote.ProtocolHandshake createSession
INFO: Detected upstream dialect: W3C
Mar 14, 2023 12:27:13 AM org.openqa.selenium.devtools.CdpVersionFinder findNearestMatch
WARNING: Unable to find an exact match for CDP version 111, so returning the closest version found: a no-op implementation
Mar 14, 2023 12:27:13 AM org.openqa.selenium.devtools.CdpVersionFinder findNearestMatch
INFO: Unable to find CDP implementation matching 111.
Mar 14, 2023 12:27:13 AM org.openqa.selenium.chromium.ChromiumDriver lambda$new$3
WARNING: Unable to find version of CDP to use for . You may need to include a dependency on a specific version of the CDP using something similar to `org.seleniumhq.selenium:selenium-devtools-v86:4.4.0` where the version ("v86") matches the version of the chromium-based browser you're using and the version number of the artifact is the same as Selenium's.
]]></system-err>
  </testcase>
  <testcase name="Verify User can edit an Address added on account" classname="Retail Account Page" time="15.933">
    <system-out><![CDATA[
@smokeTest
Scenario: Verify User can edit an Address added on account          # features/RetailAccount.feature:82
 INFO [main] (HomeSteps.java:24)- user is on retail website
 INFO [main] (HomeSteps.java:25)- Actual Title React App Equals  ExpectedTitle React App
  Given User is on retail website                                   # tek.sdet.framework.steps.HomeSteps.userIsOnRetailWebsite()
 INFO [main] (SignInSteps.java:23)- user clicked on sign in option
  When User click on Sign in option                                 # tek.sdet.framework.steps.SignInSteps.userClickOnSignInBtn()
 INFO [main] (SignInSteps.java:30)- User Entered email qaTester@gmail.comuser Entered password Tek@1234
  And User enter email 'qaTester@gmail.com' and password 'Tek@1234' # tek.sdet.framework.steps.SignInSteps.userEnterEmailAndPassword(java.lang.String,java.lang.String)
 INFO [main] (SignInSteps.java:37)- Login button is enabled
  And User click on login button                                    # tek.sdet.framework.steps.SignInSteps.userClickOnLoginButton()
  And User should be logged in into Account                         # tek.sdet.framework.steps.SignInSteps.userShouldBeLoggedInintoAccount()
 INFO [main] (RetailAcountSteps.java:21)- User clicked on Account Button
  And User click on Account option                                  # tek.sdet.framework.steps.RetailAcountSteps.user_click_on_account_option()
 INFO [main] (RetailAcountSteps.java:21)- User clicked on Account Button
  And User click on Account option                                  # tek.sdet.framework.steps.RetailAcountSteps.user_click_on_account_option()
 INFO [main] (RetailAcountSteps.java:212)- User clicked on edit address option
  And User click on edit address option                             # tek.sdet.framework.steps.RetailAcountSteps.userClickOnEditAddressOption()
 INFO [main] (RetailAcountSteps.java:192)- user filled new address form with below information
  And user fill new address form with below information             # tek.sdet.framework.steps.RetailAcountSteps.userFillNewAddressFormWithBelowInformation(io.cucumber.datatable.DataTable)
    | country       | fullName | phoneNumber | streetAddress          | apt | city    | state    | zipCode |
    | United States | NewTest  | 6478154658  | 1383 victoria park ave | 147 | Toronto | New York | 54857   |
 INFO [main] (RetailAcountSteps.java:219)- User clicked update Your Address button
  And User click update Your Address button                         # tek.sdet.framework.steps.RetailAcountSteps.userClickUpdateYourAddressButton()
 INFO [main] (RetailAcountSteps.java:226)- a message should be displayed ‘Address Updated Successfully’
  Then a message should be displayed â€˜Address Updated Successfullyâ€™ # tek.sdet.framework.steps.RetailAcountSteps.aMessageShouldBeDisplayedAddressUpdatedSuccessfully()
]]></system-out>
    <system-err><![CDATA[Starting Microsoft Edge WebDriver 110.0.1587.69 (f970cc122bfe683a1917444c8c3ba299b94f7ec8) on port 61551
To submit feedback, report a bug, or suggest new features, please visit https://github.com/MicrosoftEdge/EdgeWebDriver

Only local connections are allowed.
Please see https://aka.ms/WebDriverSecurity for suggestions on keeping Microsoft Edge WebDriver safe.

Microsoft Edge WebDriver was started successfully.
[1678768049.836][WARNING]: This version of Microsoft Edge WebDriver has not been tested with Microsoft Edge version 111.
[1678768049.884][WARNING]: virtual void DevToolsClientImpl::AddListener(DevToolsEventListener *) subscribing a listener to the already connected DevToolsClient. Connection notification will not arrive.
Mar 14, 2023 12:27:30 AM org.openqa.selenium.remote.ProtocolHandshake createSession
INFO: Detected upstream dialect: W3C
Mar 14, 2023 12:27:30 AM org.openqa.selenium.devtools.CdpVersionFinder findNearestMatch
WARNING: Unable to find an exact match for CDP version 111, so returning the closest version found: a no-op implementation
Mar 14, 2023 12:27:30 AM org.openqa.selenium.devtools.CdpVersionFinder findNearestMatch
INFO: Unable to find CDP implementation matching 111.
Mar 14, 2023 12:27:30 AM org.openqa.selenium.chromium.ChromiumDriver lambda$new$3
WARNING: Unable to find version of CDP to use for . You may need to include a dependency on a specific version of the CDP using something similar to `org.seleniumhq.selenium:selenium-devtools-v86:4.4.0` where the version ("v86") matches the version of the chromium-based browser you're using and the version number of the artifact is the same as Selenium's.
]]></system-err>
  </testcase>
  <testcase name="Verify User can remove Address from Account" classname="Retail Account Page" time="13.72">
    <system-out><![CDATA[
@smokeTest
Scenario: Verify User can remove Address from Account               # features/RetailAccount.feature:97
 INFO [main] (HomeSteps.java:24)- user is on retail website
 INFO [main] (HomeSteps.java:25)- Actual Title React App Equals  ExpectedTitle React App
  Given User is on retail website                                   # tek.sdet.framework.steps.HomeSteps.userIsOnRetailWebsite()
 INFO [main] (SignInSteps.java:23)- user clicked on sign in option
  When User click on Sign in option                                 # tek.sdet.framework.steps.SignInSteps.userClickOnSignInBtn()
 INFO [main] (SignInSteps.java:30)- User Entered email qaTester@gmail.comuser Entered password Tek@1234
  And User enter email 'qaTester@gmail.com' and password 'Tek@1234' # tek.sdet.framework.steps.SignInSteps.userEnterEmailAndPassword(java.lang.String,java.lang.String)
 INFO [main] (SignInSteps.java:37)- Login button is enabled
  And User click on login button                                    # tek.sdet.framework.steps.SignInSteps.userClickOnLoginButton()
  And User should be logged in into Account                         # tek.sdet.framework.steps.SignInSteps.userShouldBeLoggedInintoAccount()
 INFO [main] (RetailAcountSteps.java:21)- User clicked on Account Button
  And User click on Account option                                  # tek.sdet.framework.steps.RetailAcountSteps.user_click_on_account_option()
 INFO [main] (RetailAcountSteps.java:21)- User clicked on Account Button
  And User click on Account option                                  # tek.sdet.framework.steps.RetailAcountSteps.user_click_on_account_option()
 INFO [main] (RetailAcountSteps.java:233)- User click on remove option of Address section
  And User click on remove option of Address section                # tek.sdet.framework.steps.RetailAcountSteps.userClickOnRemoveOptionOfAddressSection()
 INFO [main] (RetailAcountSteps.java:238)- Address details should be removed
  Then Address details should be removed                            # tek.sdet.framework.steps.RetailAcountSteps.addressDetailsShouldBeRemoved()
]]></system-out>
    <system-err><![CDATA[Starting Microsoft Edge WebDriver 110.0.1587.69 (f970cc122bfe683a1917444c8c3ba299b94f7ec8) on port 56459
To submit feedback, report a bug, or suggest new features, please visit https://github.com/MicrosoftEdge/EdgeWebDriver

Only local connections are allowed.
Please see https://aka.ms/WebDriverSecurity for suggestions on keeping Microsoft Edge WebDriver safe.

Microsoft Edge WebDriver was started successfully.
[1678768065.532][WARNING]: This version of Microsoft Edge WebDriver has not been tested with Microsoft Edge version 111.
[1678768065.550][WARNING]: virtual void DevToolsClientImpl::AddListener(DevToolsEventListener *) subscribing a listener to the already connected DevToolsClient. Connection notification will not arrive.
Mar 14, 2023 12:27:45 AM org.openqa.selenium.remote.ProtocolHandshake createSession
INFO: Detected upstream dialect: W3C
Mar 14, 2023 12:27:45 AM org.openqa.selenium.devtools.CdpVersionFinder findNearestMatch
WARNING: Unable to find an exact match for CDP version 111, so returning the closest version found: a no-op implementation
Mar 14, 2023 12:27:45 AM org.openqa.selenium.devtools.CdpVersionFinder findNearestMatch
INFO: Unable to find CDP implementation matching 111.
Mar 14, 2023 12:27:45 AM org.openqa.selenium.chromium.ChromiumDriver lambda$new$3
WARNING: Unable to find version of CDP to use for . You may need to include a dependency on a specific version of the CDP using something similar to `org.seleniumhq.selenium:selenium-devtools-v86:4.4.0` where the version ("v86") matches the version of the chromium-based browser you're using and the version number of the artifact is the same as Selenium's.
]]></system-err>
  </testcase>
  <testcase name="Verify User can cancel the order" classname="Retail Order Page" time="14.642">
    <system-out><![CDATA[
@smokeTest
Scenario: Verify User can cancel the order                                       # features/RetailOrder.feature:4
 INFO [main] (HomeSteps.java:24)- user is on retail website
 INFO [main] (HomeSteps.java:25)- Actual Title React App Equals  ExpectedTitle React App
  Given User is on retail website                                                # tek.sdet.framework.steps.HomeSteps.userIsOnRetailWebsite()
 INFO [main] (SignInSteps.java:23)- user clicked on sign in option
  When User click on Sign in option                                              # tek.sdet.framework.steps.SignInSteps.userClickOnSignInBtn()
 INFO [main] (SignInSteps.java:30)- User Entered email qaTester@gmail.comuser Entered password Tek@1234
  And User enter email 'qaTester@gmail.com' and password 'Tek@1234'              # tek.sdet.framework.steps.SignInSteps.userEnterEmailAndPassword(java.lang.String,java.lang.String)
 INFO [main] (SignInSteps.java:37)- Login button is enabled
  And User click on login button                                                 # tek.sdet.framework.steps.SignInSteps.userClickOnLoginButton()
  And User should be logged in into Account                                      # tek.sdet.framework.steps.SignInSteps.userShouldBeLoggedInintoAccount()
 INFO [main] (RetailOrderSteps.java:17)- User Clicked on order's button
  And User click on Orders section                                               # tek.sdet.framework.steps.RetailOrderSteps.userClickOnOrdersSection()
 INFO [main] (RetailOrderSteps.java:22)- user clicked on first item in list
  And User click on first order in list                                          # tek.sdet.framework.steps.RetailOrderSteps.userClickOnFirstOrderInList()
 INFO [main] (RetailOrderSteps.java:28)- User clicked on cancel button
  And User click on Cancel The Order button                                      # tek.sdet.framework.steps.RetailOrderSteps.userClickOnCancelTheOrderButton()
 INFO [main] (RetailOrderSteps.java:34)- User selected the cancelation Reason ‘Bought wrong item
  And User select the cancelation Reason â€˜Bought wrong itemâ€™                     # tek.sdet.framework.steps.RetailOrderSteps.userSelectTheCancelationReasonBoughtWrongItem()
 INFO [main] (RetailOrderSteps.java:41)- User clicked on Cancel Order button
  And User click on Cancel Order button                                          # tek.sdet.framework.steps.RetailOrderSteps.userClickOnCancelOrderButton()
 INFO [main] (RetailOrderSteps.java:47)- a cancelation message should be displayed ‘Your Order Has Been Cancelled’
  Then a cancelation message should be displayed â€˜Your Order Has Been Cancelledâ€™ # tek.sdet.framework.steps.RetailOrderSteps.aCancelationMessageShouldBeDisplayedYourOrderHasBeenCancelled()
]]></system-out>
    <system-err><![CDATA[Starting Microsoft Edge WebDriver 110.0.1587.69 (f970cc122bfe683a1917444c8c3ba299b94f7ec8) on port 52043
To submit feedback, report a bug, or suggest new features, please visit https://github.com/MicrosoftEdge/EdgeWebDriver

Only local connections are allowed.
Please see https://aka.ms/WebDriverSecurity for suggestions on keeping Microsoft Edge WebDriver safe.

Microsoft Edge WebDriver was started successfully.
[1678768079.673][WARNING]: This version of Microsoft Edge WebDriver has not been tested with Microsoft Edge version 111.
[1678768079.684][WARNING]: virtual void DevToolsClientImpl::AddListener(DevToolsEventListener *) subscribing a listener to the already connected DevToolsClient. Connection notification will not arrive.
Mar 14, 2023 12:27:59 AM org.openqa.selenium.remote.ProtocolHandshake createSession
INFO: Detected upstream dialect: W3C
Mar 14, 2023 12:27:59 AM org.openqa.selenium.devtools.CdpVersionFinder findNearestMatch
WARNING: Unable to find an exact match for CDP version 111, so returning the closest version found: a no-op implementation
Mar 14, 2023 12:27:59 AM org.openqa.selenium.devtools.CdpVersionFinder findNearestMatch
INFO: Unable to find CDP implementation matching 111.
Mar 14, 2023 12:27:59 AM org.openqa.selenium.chromium.ChromiumDriver lambda$new$3
WARNING: Unable to find version of CDP to use for . You may need to include a dependency on a specific version of the CDP using something similar to `org.seleniumhq.selenium:selenium-devtools-v86:4.4.0` where the version ("v86") matches the version of the chromium-based browser you're using and the version number of the artifact is the same as Selenium's.
]]></system-err>
  </testcase>
  <testcase name="Verify User can Return the order" classname="Retail Order Page" time="17.018">
    <system-out><![CDATA[
@smokeTest
Scenario: Verify User can Return the order                               # features/RetailOrder.feature:17
 INFO [main] (HomeSteps.java:24)- user is on retail website
 INFO [main] (HomeSteps.java:25)- Actual Title React App Equals  ExpectedTitle React App
  Given User is on retail website                                        # tek.sdet.framework.steps.HomeSteps.userIsOnRetailWebsite()
 INFO [main] (SignInSteps.java:23)- user clicked on sign in option
  When User click on Sign in option                                      # tek.sdet.framework.steps.SignInSteps.userClickOnSignInBtn()
 INFO [main] (SignInSteps.java:30)- User Entered email qaTester@gmail.comuser Entered password Tek@1234
  And User enter email 'qaTester@gmail.com' and password 'Tek@1234'      # tek.sdet.framework.steps.SignInSteps.userEnterEmailAndPassword(java.lang.String,java.lang.String)
 INFO [main] (SignInSteps.java:37)- Login button is enabled
  And User click on login button                                         # tek.sdet.framework.steps.SignInSteps.userClickOnLoginButton()
  And User should be logged in into Account                              # tek.sdet.framework.steps.SignInSteps.userShouldBeLoggedInintoAccount()
 INFO [main] (RetailOrderSteps.java:17)- User Clicked on order's button
  And User click on Orders section                                       # tek.sdet.framework.steps.RetailOrderSteps.userClickOnOrdersSection()
 INFO [main] (RetailOrderSteps.java:22)- user clicked on first item in list
  And User click on first order in list                                  # tek.sdet.framework.steps.RetailOrderSteps.userClickOnFirstOrderInList()
 INFO [main] (RetailOrderSteps.java:54)- User clicked on Return Items button
  And User click on Return Items button                                  # tek.sdet.framework.steps.RetailOrderSteps.userClickOnReturnItemsButton()
 INFO [main] (RetailOrderSteps.java:60)- User selected the Return Reason ‘Item damaged’
  And User select the Return Reason â€˜Item damagedâ€™                       # tek.sdet.framework.steps.RetailOrderSteps.userSelectTheReturnReasonItemDamaged()
 INFO [main] (RetailOrderSteps.java:66)- User selected the drop off service ‘FedEx’
  And User select the drop off service â€˜FedExâ€™                           # tek.sdet.framework.steps.RetailOrderSteps.userSelectTheDropOffServiceFedEx()
 INFO [main] (RetailOrderSteps.java:73)- User clicked on Return Order button
  And User click on Return Order button                                  # tek.sdet.framework.steps.RetailOrderSteps.userClickOnReturnOrderButton()
 INFO [main] (RetailOrderSteps.java:79)- a cancelation message should be displayed ‘Return was successful’
  Then a cancelation message should be displayed â€˜Return was successfulâ€™ # tek.sdet.framework.steps.RetailOrderSteps.aCancelationMessageShouldBeDisplayedReturnWasSuccessful()
]]></system-out>
    <system-err><![CDATA[Starting Microsoft Edge WebDriver 110.0.1587.69 (f970cc122bfe683a1917444c8c3ba299b94f7ec8) on port 49334
To submit feedback, report a bug, or suggest new features, please visit https://github.com/MicrosoftEdge/EdgeWebDriver

Only local connections are allowed.
Please see https://aka.ms/WebDriverSecurity for suggestions on keeping Microsoft Edge WebDriver safe.

Microsoft Edge WebDriver was started successfully.
[1678768093.828][WARNING]: This version of Microsoft Edge WebDriver has not been tested with Microsoft Edge version 111.
[1678768093.846][WARNING]: virtual void DevToolsClientImpl::AddListener(DevToolsEventListener *) subscribing a listener to the already connected DevToolsClient. Connection notification will not arrive.
Mar 14, 2023 12:28:13 AM org.openqa.selenium.remote.ProtocolHandshake createSession
INFO: Detected upstream dialect: W3C
Mar 14, 2023 12:28:13 AM org.openqa.selenium.devtools.CdpVersionFinder findNearestMatch
WARNING: Unable to find an exact match for CDP version 111, so returning the closest version found: a no-op implementation
Mar 14, 2023 12:28:13 AM org.openqa.selenium.devtools.CdpVersionFinder findNearestMatch
INFO: Unable to find CDP implementation matching 111.
Mar 14, 2023 12:28:13 AM org.openqa.selenium.chromium.ChromiumDriver lambda$new$3
WARNING: Unable to find version of CDP to use for . You may need to include a dependency on a specific version of the CDP using something similar to `org.seleniumhq.selenium:selenium-devtools-v86:4.4.0` where the version ("v86") matches the version of the chromium-based browser you're using and the version number of the artifact is the same as Selenium's.
]]></system-err>
  </testcase>
  <testcase name="Verify User can write a review on order placed" classname="Retail Order Page" time="15.49">
    <system-out><![CDATA[
@smokeTest
Scenario: Verify User can write a review on order placed                                # features/RetailOrder.feature:31
 INFO [main] (HomeSteps.java:24)- user is on retail website
 INFO [main] (HomeSteps.java:25)- Actual Title React App Equals  ExpectedTitle React App
  Given User is on retail website                                                       # tek.sdet.framework.steps.HomeSteps.userIsOnRetailWebsite()
 INFO [main] (SignInSteps.java:23)- user clicked on sign in option
  When User click on Sign in option                                                     # tek.sdet.framework.steps.SignInSteps.userClickOnSignInBtn()
 INFO [main] (SignInSteps.java:30)- User Entered email qaTester@gmail.comuser Entered password Tek@1234
  And User enter email 'qaTester@gmail.com' and password 'Tek@1234'                     # tek.sdet.framework.steps.SignInSteps.userEnterEmailAndPassword(java.lang.String,java.lang.String)
 INFO [main] (SignInSteps.java:37)- Login button is enabled
  And User click on login button                                                        # tek.sdet.framework.steps.SignInSteps.userClickOnLoginButton()
  And User should be logged in into Account                                             # tek.sdet.framework.steps.SignInSteps.userShouldBeLoggedInintoAccount()
 INFO [main] (RetailOrderSteps.java:17)- User Clicked on order's button
  And User click on Orders section                                                      # tek.sdet.framework.steps.RetailOrderSteps.userClickOnOrdersSection()
 INFO [main] (RetailOrderSteps.java:22)- user clicked on first item in list
  And User click on first order in list                                                 # tek.sdet.framework.steps.RetailOrderSteps.userClickOnFirstOrderInList()
 INFO [main] (RetailOrderSteps.java:85)- User clicked on Review button
  And User click on Review button                                                       # tek.sdet.framework.steps.RetailOrderSteps.userClickOnReviewButton()
 INFO [main] (RetailOrderSteps.java:92)- User write a review headline and description
  And User write Review headline 'Quality is Beyond Expectation' and 'Worth the money!' # tek.sdet.framework.steps.RetailOrderSteps.userWriteReviewHeadlineHeadlineValueAndReviewText(java.lang.String,java.lang.String)
 INFO [main] (RetailOrderSteps.java:98)- User click Add your Review button
  And User click Add your Review button                                                 # tek.sdet.framework.steps.RetailOrderSteps.userClickAddYourReviewButton()
 INFO [main] (RetailOrderSteps.java:105)- a review message has been displayed ‘Your review was added successfully’
  Then a review message should be displayed â€˜Your review was added successfullyâ€™        # tek.sdet.framework.steps.RetailOrderSteps.aReviewMessageShouldBeDisplayedYourReviewWasAddedSuccessfully()
]]></system-out>
    <system-err><![CDATA[Starting Microsoft Edge WebDriver 110.0.1587.69 (f970cc122bfe683a1917444c8c3ba299b94f7ec8) on port 53300
To submit feedback, report a bug, or suggest new features, please visit https://github.com/MicrosoftEdge/EdgeWebDriver

Only local connections are allowed.
Please see https://aka.ms/WebDriverSecurity for suggestions on keeping Microsoft Edge WebDriver safe.

Microsoft Edge WebDriver was started successfully.
[1678768111.211][WARNING]: This version of Microsoft Edge WebDriver has not been tested with Microsoft Edge version 111.
[1678768111.246][WARNING]: virtual void DevToolsClientImpl::AddListener(DevToolsEventListener *) subscribing a listener to the already connected DevToolsClient. Connection notification will not arrive.
Mar 14, 2023 12:28:31 AM org.openqa.selenium.remote.ProtocolHandshake createSession
INFO: Detected upstream dialect: W3C
Mar 14, 2023 12:28:31 AM org.openqa.selenium.devtools.CdpVersionFinder findNearestMatch
WARNING: Unable to find an exact match for CDP version 111, so returning the closest version found: a no-op implementation
Mar 14, 2023 12:28:31 AM org.openqa.selenium.devtools.CdpVersionFinder findNearestMatch
INFO: Unable to find CDP implementation matching 111.
Mar 14, 2023 12:28:31 AM org.openqa.selenium.chromium.ChromiumDriver lambda$new$3
WARNING: Unable to find version of CDP to use for . You may need to include a dependency on a specific version of the CDP using something similar to `org.seleniumhq.selenium:selenium-devtools-v86:4.4.0` where the version ("v86") matches the version of the chromium-based browser you're using and the version number of the artifact is the same as Selenium's.
]]></system-err>
  </testcase>
  <testcase name="Verify user can sign in into Retail Application" classname="Sign in Feature" time="11.947">
    <system-out><![CDATA[
@smokeTest
Scenario: Verify user can sign in into Retail Application           # features/SignIn.feature:4
 INFO [main] (HomeSteps.java:24)- user is on retail website
 INFO [main] (HomeSteps.java:25)- Actual Title React App Equals  ExpectedTitle React App
  Given User is on retail website                                   # tek.sdet.framework.steps.HomeSteps.userIsOnRetailWebsite()
 INFO [main] (SignInSteps.java:23)- user clicked on sign in option
  When User click on Sign in option                                 # tek.sdet.framework.steps.SignInSteps.userClickOnSignInBtn()
 INFO [main] (SignInSteps.java:30)- User Entered email qaTester@gmail.comuser Entered password Tek@1234
  And User enter email 'qaTester@gmail.com' and password 'Tek@1234' # tek.sdet.framework.steps.SignInSteps.userEnterEmailAndPassword(java.lang.String,java.lang.String)
 INFO [main] (SignInSteps.java:37)- Login button is enabled
  And User click on login button                                    # tek.sdet.framework.steps.SignInSteps.userClickOnLoginButton()
  Then User should be logged in into Account                        # tek.sdet.framework.steps.SignInSteps.userShouldBeLoggedInintoAccount()
]]></system-out>
    <system-err><![CDATA[Starting Microsoft Edge WebDriver 110.0.1587.69 (f970cc122bfe683a1917444c8c3ba299b94f7ec8) on port 58829
To submit feedback, report a bug, or suggest new features, please visit https://github.com/MicrosoftEdge/EdgeWebDriver

Only local connections are allowed.
Please see https://aka.ms/WebDriverSecurity for suggestions on keeping Microsoft Edge WebDriver safe.

Microsoft Edge WebDriver was started successfully.
[1678768126.792][WARNING]: This version of Microsoft Edge WebDriver has not been tested with Microsoft Edge version 111.
[1678768126.822][WARNING]: virtual void DevToolsClientImpl::AddListener(DevToolsEventListener *) subscribing a listener to the already connected DevToolsClient. Connection notification will not arrive.
Mar 14, 2023 12:28:46 AM org.openqa.selenium.remote.ProtocolHandshake createSession
INFO: Detected upstream dialect: W3C
Mar 14, 2023 12:28:46 AM org.openqa.selenium.devtools.CdpVersionFinder findNearestMatch
WARNING: Unable to find an exact match for CDP version 111, so returning the closest version found: a no-op implementation
Mar 14, 2023 12:28:46 AM org.openqa.selenium.devtools.CdpVersionFinder findNearestMatch
INFO: Unable to find CDP implementation matching 111.
Mar 14, 2023 12:28:46 AM org.openqa.selenium.chromium.ChromiumDriver lambda$new$3
WARNING: Unable to find version of CDP to use for . You may need to include a dependency on a specific version of the CDP using something similar to `org.seleniumhq.selenium:selenium-devtools-v86:4.4.0` where the version ("v86") matches the version of the chromium-based browser you're using and the version number of the artifact is the same as Selenium's.
]]></system-err>
  </testcase>
  <testcase name="Verify user can create an acount into Retail website" classname="Sign in Feature" time="11.792">
    <system-out><![CDATA[
@smokeTest
Scenario: Verify user can create an acount into Retail website # features/SignIn.feature:11
 INFO [main] (HomeSteps.java:24)- user is on retail website
 INFO [main] (HomeSteps.java:25)- Actual Title React App Equals  ExpectedTitle React App
  Given User is on retail website                              # tek.sdet.framework.steps.HomeSteps.userIsOnRetailWebsite()
 INFO [main] (SignInSteps.java:23)- user clicked on sign in option
  When User click on Sign in option                            # tek.sdet.framework.steps.SignInSteps.userClickOnSignInBtn()
 INFO [main] (SignInSteps.java:49)- user clicked on create new acount button
  And User click on create New Account button                  # tek.sdet.framework.steps.SignInSteps.userClickOnCreateNewAccountButton()
  And User fill the signUp information with below data         # tek.sdet.framework.steps.SignInSteps.userFillTheSignUpInformationWithBelowData(io.cucumber.datatable.DataTable)
    | name | email                | password  | confirmPassword |
    | test | tek.sabm37@gmail.com | Tek@12347 | Tek@12347       |
 INFO [main] (SignInSteps.java:66)- User clicked on sign up button
  And User click on SignUp button                              # tek.sdet.framework.steps.SignInSteps.userClickOnSignUpButton()
 INFO [main] (SignInSteps.java:74)- user is logged in into account page
  Then User should be logged into account page                 # tek.sdet.framework.steps.SignInSteps.userShouldBeLoggedIntoAccountPage()
]]></system-out>
    <system-err><![CDATA[Starting Microsoft Edge WebDriver 110.0.1587.69 (f970cc122bfe683a1917444c8c3ba299b94f7ec8) on port 64462
To submit feedback, report a bug, or suggest new features, please visit https://github.com/MicrosoftEdge/EdgeWebDriver

Only local connections are allowed.
Please see https://aka.ms/WebDriverSecurity for suggestions on keeping Microsoft Edge WebDriver safe.

Microsoft Edge WebDriver was started successfully.
[1678768138.555][WARNING]: This version of Microsoft Edge WebDriver has not been tested with Microsoft Edge version 111.
[1678768138.577][WARNING]: virtual void DevToolsClientImpl::AddListener(DevToolsEventListener *) subscribing a listener to the already connected DevToolsClient. Connection notification will not arrive.
Mar 14, 2023 12:28:58 AM org.openqa.selenium.remote.ProtocolHandshake createSession
INFO: Detected upstream dialect: W3C
Mar 14, 2023 12:28:58 AM org.openqa.selenium.devtools.CdpVersionFinder findNearestMatch
WARNING: Unable to find an exact match for CDP version 111, so returning the closest version found: a no-op implementation
Mar 14, 2023 12:28:58 AM org.openqa.selenium.devtools.CdpVersionFinder findNearestMatch
INFO: Unable to find CDP implementation matching 111.
Mar 14, 2023 12:28:58 AM org.openqa.selenium.chromium.ChromiumDriver lambda$new$3
WARNING: Unable to find version of CDP to use for . You may need to include a dependency on a specific version of the CDP using something similar to `org.seleniumhq.selenium:selenium-devtools-v86:4.4.0` where the version ("v86") matches the version of the chromium-based browser you're using and the version number of the artifact is the same as Selenium's.
]]></system-err>
  </testcase>
</testsuite>